<?xml version="1.0" encoding="UTF-8"?>
<testsuites name="Manage Customer Test Suite" time="103" tests="5" failures="4" errors="0">
   <testsuite name="Manage Customer Test Suite" tests="5" failures="4" errors="0" time="103" timestamp="2018-11-12 14:48:36" hostname="priyanga - 10.185.118.121" id="Test Suites/Regression/Manage Customer Test Suite">
      <properties>
         <property name="deviceName" value=""/>
         <property name="devicePlatform" value=""/>
         <property name="logFolder" value="/Users/priyanga/TMS_QA_AUTOMATION/tms-qa-automation/TMSLiteRegressionAutomation/Reports/Regression/Manage Customer Test Suite/20181112_141646"/>
         <property name="logFiles" value="/Users/priyanga/TMS_QA_AUTOMATION/tms-qa-automation/TMSLiteRegressionAutomation/Reports/Regression/Manage Customer Test Suite/20181112_141646/execution0.log"/>
         <property name="attachments" value="/Users/priyanga/TMS_QA_AUTOMATION/tms-qa-automation/TMSLiteRegressionAutomation/Reports/Regression/Manage Customer Test Suite/20181112_141646/1542014405135.png"/>
         <property name="hostName" value="priyanga - 10.185.118.121"/>
         <property name="os" value="Mac OS X 64bit"/>
         <property name="katalonVersion" value="5.7.1.1"/>
         <property name="browser" value="Chrome 70.0.3538.77"/>
         <property name="hostAddress" value="10.185.118.121"/>
         <property name="sessionId" value="25500b3ac71faa7193f3c76fefa3d7d9"/>
         <property name="seleniumVersion" value="3.7.1"/>
         <property name="proxyInformation" value="ProxyInformation{proxyOption=USE_SYSTEM, proxyServerType=HTTP, password=, proxyServerAddress=, proxyServerPort=0}"/>
         <property name="platform" value="Mac OS X"/>
      </properties>
      <testcase name="Test Cases/Customer/F11762-View Customer/QA-US84851/US83148-SearchCustomer/TC60100-Search-Customer" classname="Test Cases/Customer/F11762-View Customer/QA-US84851/US83148-SearchCustomer/TC60100-Search-Customer" status="PASSED">
         <system-out><![CDATA[2018-11-12 14:49:08 - [TEST_CASE][PASSED] - Test Cases/Customer/F11762-View Customer/QA-US84851/US83148-SearchCustomer/TC60100-Search-Customer: Test Cases/Customer/F11762-View Customer/QA-US84851/US83148-SearchCustomer/TC60100-Search-Customer

2018-11-12 14:49:08 - [TEST_STEP][PASSED] - Start listener action : beforeTestCaseExecute: Navigate to 'http://localhost:8080/home' successfully

2018-11-12 14:49:08 - [TEST_STEP][PASSED] - Statement - If (isTestSuitEnable == true): Navigate to 'http://localhost:8080/home' successfully

2018-11-12 14:49:08 - [TEST_STEP][PASSED] - navigateToUrl: Navigate to 'http://localhost:8080/home' successfully

2018-11-12 14:49:09 - [MESSAGE][PASSED] - Navigate to 'http://localhost:8080/home' successfully

2018-11-12 14:49:09 - [TEST_STEP][PASSED] - com.ge.tms.commonactions.CommonClickEvents.clickOnManageCustomers: com.ge.tms.commonactions.CommonClickEvents.clickOnManageCustomers is PASSED

2018-11-12 14:49:09 - [MESSAGE][PASSED] - Execute JavaScript 'document.querySelector('px-app-nav').shadowRoot.querySelector('#items > px-app-nav-group:nth-child(13) > px-app-nav-subitem:nth-child(2)').click()' successfully

2018-11-12 14:49:10 - [MESSAGE][PASSED] - Delayed 1 second(s)

2018-11-12 14:49:10 - [MESSAGE][PASSED] - com.ge.tms.commonactions.CommonClickEvents.clickOnManageCustomers is PASSED

2018-11-12 14:49:10 - [TEST_STEP][PASSED] - com.ge.tms.customer.CustomerVerification.verifyCustomerPageHeader: com.ge.tms.customer.CustomerVerification.verifyCustomerPageHeader is PASSED

2018-11-12 14:49:10 - [MESSAGE][PASSED] - Send request successfully

2018-11-12 14:49:10 - [MESSAGE][PASSED] - Send request successfully

2018-11-12 14:49:10 - [MESSAGE][PASSED] - Send request successfully

2018-11-12 14:49:10 - [MESSAGE][PASSED] - Send request successfully

2018-11-12 14:49:10 - [MESSAGE][PASSED] - Send request successfully

2018-11-12 14:49:10 - [MESSAGE][PASSED] - Send request successfully

2018-11-12 14:49:10 - [MESSAGE][PASSED] - Send request successfully

2018-11-12 14:49:10 - [MESSAGE][PASSED] - Send request successfully

2018-11-12 14:49:10 - [MESSAGE][PASSED] - Send request successfully

2018-11-12 14:49:10 - [MESSAGE][PASSED] - Text of object 'Object Repository/F11762-View Customer/QA-US83146/US84104-View Customer/View Customer/CustomerPageObject/h1_Manage Customers' is: 'Customer Management'

2018-11-12 14:49:10 - [MESSAGE][PASSED] - Actual object 'Customer Management' and expected object 'Customer Management' are equal

2018-11-12 14:49:10 - [MESSAGE][PASSED] - com.ge.tms.customer.CustomerVerification.verifyCustomerPageHeader is PASSED

2018-11-12 14:49:10 - [TEST_STEP][PASSED] - Statement - customerToSearch = com.kms.katalon.core.webui.keyword.WebUiBuiltInKeywords.getText(com.kms.katalon.core.testobject.ObjectRepository.findTestObject(Object Repository/F11762-View Customer/QA-US84851/US83148-SearchCustomer/SearchCustomer/SearchSortCustomerPageObjects/firstCustomerInList)).split("-"): Text of object 'Object Repository/F11762-View Customer/QA-US84851/US83148-SearchCustomer/SearchCustomer/SearchSortCustomerPageObjects/firstCustomerInList' is: '113331232-LWF'

2018-11-12 14:49:10 - [MESSAGE][PASSED] - Text of object 'Object Repository/F11762-View Customer/QA-US84851/US83148-SearchCustomer/SearchCustomer/SearchSortCustomerPageObjects/firstCustomerInList' is: '113331232-LWF'

2018-11-12 14:49:10 - [TEST_STEP][PASSED] - Statement - customerId = customerToSearch[0]: null

2018-11-12 14:49:10 - [TEST_STEP][PASSED] - Statement - addressKey = customerToSearch[1]: null

2018-11-12 14:49:10 - [TEST_STEP][PASSED] - setText: Text '113331232' is set on object 'Object Repository/F11762-View Customer/QA-US84851/US83148-SearchCustomer/SearchCustomer/SearchSortCustomerPageObjects/searchBox'

2018-11-12 14:49:10 - [MESSAGE][PASSED] - Text '113331232' is set on object 'Object Repository/F11762-View Customer/QA-US84851/US83148-SearchCustomer/SearchCustomer/SearchSortCustomerPageObjects/searchBox'

2018-11-12 14:49:10 - [TEST_STEP][PASSED] - com.ge.tms.customer.CustomerVerification.verifyCustomerSearchWithCustomerId: com.ge.tms.customer.CustomerVerification.verifyCustomerSearchWithCustomerId is PASSED

2018-11-12 14:49:10 - [MESSAGE][PASSED] - Send request successfully

2018-11-12 14:49:10 - [MESSAGE][PASSED] - Send request successfully

2018-11-12 14:49:10 - [MESSAGE][PASSED] - Send request successfully

2018-11-12 14:49:10 - [MESSAGE][PASSED] - Send request successfully

2018-11-12 14:49:10 - [MESSAGE][PASSED] - Send request successfully

2018-11-12 14:49:10 - [MESSAGE][PASSED] - Send request successfully

2018-11-12 14:49:10 - [MESSAGE][PASSED] - Send request successfully

2018-11-12 14:49:10 - [MESSAGE][PASSED] - Send request successfully

2018-11-12 14:49:10 - [MESSAGE][PASSED] - Send request successfully

2018-11-12 14:49:10 - [MESSAGE][PASSED] - Actual object 'true' and expected object 'true' are equal

2018-11-12 14:49:10 - [MESSAGE][PASSED] - com.ge.tms.customer.CustomerVerification.verifyCustomerSearchWithCustomerId is PASSED

2018-11-12 14:49:10 - [TEST_STEP][PASSED] - clearText: Text of object 'Object Repository/F11762-View Customer/QA-US84851/US83148-SearchCustomer/SearchCustomer/SearchSortCustomerPageObjects/searchBox' is cleared

2018-11-12 14:49:11 - [MESSAGE][PASSED] - Text of object 'Object Repository/F11762-View Customer/QA-US84851/US83148-SearchCustomer/SearchCustomer/SearchSortCustomerPageObjects/searchBox' is cleared

2018-11-12 14:49:11 - [TEST_STEP][PASSED] - setText: Text 'LWF' is set on object 'Object Repository/F11762-View Customer/QA-US84851/US83148-SearchCustomer/SearchCustomer/SearchSortCustomerPageObjects/searchBox'

2018-11-12 14:49:11 - [MESSAGE][PASSED] - Text 'LWF' is set on object 'Object Repository/F11762-View Customer/QA-US84851/US83148-SearchCustomer/SearchCustomer/SearchSortCustomerPageObjects/searchBox'

2018-11-12 14:49:11 - [TEST_STEP][PASSED] - com.ge.tms.customer.CustomerVerification.verifyCustomerSearchWithAddressType: com.ge.tms.customer.CustomerVerification.verifyCustomerSearchWithAddressType is PASSED

2018-11-12 14:49:11 - [MESSAGE][PASSED] - Send request successfully

2018-11-12 14:49:11 - [MESSAGE][PASSED] - Send request successfully

2018-11-12 14:49:11 - [MESSAGE][PASSED] - Send request successfully

2018-11-12 14:49:11 - [MESSAGE][PASSED] - Send request successfully

2018-11-12 14:49:11 - [MESSAGE][PASSED] - Send request successfully

2018-11-12 14:49:11 - [MESSAGE][PASSED] - Send request successfully

2018-11-12 14:49:11 - [MESSAGE][PASSED] - Send request successfully

2018-11-12 14:49:11 - [MESSAGE][PASSED] - Send request successfully

2018-11-12 14:49:11 - [MESSAGE][PASSED] - Send request successfully

2018-11-12 14:49:11 - [MESSAGE][PASSED] - Actual object 'LWF' and expected object 'LWF' are equal

2018-11-12 14:49:11 - [MESSAGE][PASSED] - Actual object 'LWF' and expected object 'LWF' are equal

2018-11-12 14:49:11 - [MESSAGE][PASSED] - com.ge.tms.customer.CustomerVerification.verifyCustomerSearchWithAddressType is PASSED

2018-11-12 14:49:11 - [TEST_STEP][PASSED] - clearText: Text of object 'Object Repository/F11762-View Customer/QA-US84851/US83148-SearchCustomer/SearchCustomer/SearchSortCustomerPageObjects/searchBox' is cleared

2018-11-12 14:49:11 - [MESSAGE][PASSED] - Text of object 'Object Repository/F11762-View Customer/QA-US84851/US83148-SearchCustomer/SearchCustomer/SearchSortCustomerPageObjects/searchBox' is cleared

2018-11-12 14:49:11 - [TEST_STEP][PASSED] - Statement - partialText = customerId.substring(0, 3): null

2018-11-12 14:49:11 - [TEST_STEP][PASSED] - setText: Text '113' is set on object 'Object Repository/F11762-View Customer/QA-US84851/US83148-SearchCustomer/SearchCustomer/SearchSortCustomerPageObjects/searchBox'

2018-11-12 14:49:11 - [MESSAGE][PASSED] - Text '113' is set on object 'Object Repository/F11762-View Customer/QA-US84851/US83148-SearchCustomer/SearchCustomer/SearchSortCustomerPageObjects/searchBox'

2018-11-12 14:49:11 - [TEST_STEP][PASSED] - com.ge.tms.customer.CustomerVerification.verifyCustomerSearchWithPartialCustomerId: com.ge.tms.customer.CustomerVerification.verifyCustomerSearchWithPartialCustomerId is PASSED

2018-11-12 14:49:11 - [MESSAGE][PASSED] - Send request successfully

2018-11-12 14:49:11 - [MESSAGE][PASSED] - Send request successfully

2018-11-12 14:49:11 - [MESSAGE][PASSED] - Send request successfully

2018-11-12 14:49:11 - [MESSAGE][PASSED] - Send request successfully

2018-11-12 14:49:11 - [MESSAGE][PASSED] - Send request successfully

2018-11-12 14:49:11 - [MESSAGE][PASSED] - Send request successfully

2018-11-12 14:49:11 - [MESSAGE][PASSED] - Send request successfully

2018-11-12 14:49:11 - [MESSAGE][PASSED] - Send request successfully

2018-11-12 14:49:11 - [MESSAGE][PASSED] - Send request successfully

2018-11-12 14:49:11 - [MESSAGE][PASSED] - Actual object 'true' and expected object 'true' are equal

2018-11-12 14:49:11 - [MESSAGE][PASSED] - com.ge.tms.customer.CustomerVerification.verifyCustomerSearchWithPartialCustomerId is PASSED

2018-11-12 14:49:11 - [TEST_STEP][PASSED] - clearText: Text of object 'Object Repository/F11762-View Customer/QA-US84851/US83148-SearchCustomer/SearchCustomer/SearchSortCustomerPageObjects/searchBox' is cleared

2018-11-12 14:49:11 - [MESSAGE][PASSED] - Text of object 'Object Repository/F11762-View Customer/QA-US84851/US83148-SearchCustomer/SearchCustomer/SearchSortCustomerPageObjects/searchBox' is cleared

2018-11-12 14:49:11 - [TEST_STEP][PASSED] - Statement - lengthid = customerId.length() - 1: null

2018-11-12 14:49:11 - [TEST_STEP][PASSED] - Statement - partialTextSecond = customerId.substring(3, customerId.length() - 1): null

2018-11-12 14:49:11 - [TEST_STEP][PASSED] - com.ge.tms.customer.CustomerVerification.verifyCustomerSearchWithPartialCustomerId: com.ge.tms.customer.CustomerVerification.verifyCustomerSearchWithPartialCustomerId is PASSED

2018-11-12 14:49:11 - [MESSAGE][PASSED] - Send request successfully

2018-11-12 14:49:11 - [MESSAGE][PASSED] - Send request successfully

2018-11-12 14:49:11 - [MESSAGE][PASSED] - Send request successfully

2018-11-12 14:49:11 - [MESSAGE][PASSED] - Send request successfully

2018-11-12 14:49:11 - [MESSAGE][PASSED] - Send request successfully

2018-11-12 14:49:11 - [MESSAGE][PASSED] - Send request successfully

2018-11-12 14:49:11 - [MESSAGE][PASSED] - Send request successfully

2018-11-12 14:49:11 - [MESSAGE][PASSED] - Send request successfully

2018-11-12 14:49:11 - [MESSAGE][PASSED] - Send request successfully

2018-11-12 14:49:11 - [MESSAGE][PASSED] - Actual object 'true' and expected object 'true' are equal

2018-11-12 14:49:11 - [MESSAGE][PASSED] - com.ge.tms.customer.CustomerVerification.verifyCustomerSearchWithPartialCustomerId is PASSED

2018-11-12 14:49:11 - [TEST_STEP][PASSED] - clearText: Text of object 'Object Repository/F11762-View Customer/QA-US84851/US83148-SearchCustomer/SearchCustomer/SearchSortCustomerPageObjects/searchBox' is cleared

2018-11-12 14:49:11 - [MESSAGE][PASSED] - Text of object 'Object Repository/F11762-View Customer/QA-US84851/US83148-SearchCustomer/SearchCustomer/SearchSortCustomerPageObjects/searchBox' is cleared

2018-11-12 14:49:11 - [TEST_STEP][PASSED] - Statement - partialTextAddrKey = addressKey.substring(0, 2): null

2018-11-12 14:49:11 - [TEST_STEP][PASSED] - setText: Text 'LW' is set on object 'Object Repository/F11762-View Customer/QA-US84851/US83148-SearchCustomer/SearchCustomer/SearchSortCustomerPageObjects/searchBox'

2018-11-12 14:49:11 - [MESSAGE][PASSED] - Text 'LW' is set on object 'Object Repository/F11762-View Customer/QA-US84851/US83148-SearchCustomer/SearchCustomer/SearchSortCustomerPageObjects/searchBox'

2018-11-12 14:49:11 - [TEST_STEP][PASSED] - com.ge.tms.customer.CustomerVerification.verifyCustomerSearchWithPartialAddrKey: com.ge.tms.customer.CustomerVerification.verifyCustomerSearchWithPartialAddrKey is PASSED

2018-11-12 14:49:11 - [MESSAGE][PASSED] - Send request successfully

2018-11-12 14:49:11 - [MESSAGE][PASSED] - Send request successfully

2018-11-12 14:49:11 - [MESSAGE][PASSED] - Send request successfully

2018-11-12 14:49:11 - [MESSAGE][PASSED] - Send request successfully

2018-11-12 14:49:11 - [MESSAGE][PASSED] - Send request successfully

2018-11-12 14:49:11 - [MESSAGE][PASSED] - Send request successfully

2018-11-12 14:49:11 - [MESSAGE][PASSED] - Send request successfully

2018-11-12 14:49:11 - [MESSAGE][PASSED] - Send request successfully

2018-11-12 14:49:11 - [MESSAGE][PASSED] - Send request successfully

2018-11-12 14:49:11 - [MESSAGE][PASSED] - Actual object 'true' and expected object 'true' are equal

2018-11-12 14:49:11 - [MESSAGE][PASSED] - Actual object 'true' and expected object 'true' are equal

2018-11-12 14:49:11 - [MESSAGE][PASSED] - com.ge.tms.customer.CustomerVerification.verifyCustomerSearchWithPartialAddrKey is PASSED

2018-11-12 14:49:11 - [TEST_STEP][PASSED] - Start listener action : closeBrowserForTestCasse: Navigate to 'http://localhost:8080/home' successfully

2018-11-12 14:49:11 - [TEST_STEP][PASSED] - Statement - If (isTestSuitEnable == true): null

2018-11-12 14:49:11 - [TEST_STEP][PASSED] - Statement - beforeTestCaseExecute(): null

2018-11-12 14:49:11 - [TEST_STEP][PASSED] - Statement - If (isTestSuitEnable == true): Navigate to 'http://localhost:8080/home' successfully

2018-11-12 14:49:11 - [TEST_STEP][PASSED] - navigateToUrl: Navigate to 'http://localhost:8080/home' successfully

2018-11-12 14:49:12 - [MESSAGE][PASSED] - Navigate to 'http://localhost:8080/home' successfully

2018-11-12 14:49:12 - [TEST_STEP][PASSED] - Start listener action : afterTestCase: Invoke 'com.kms.katalon.core.annotation.AfterTestCase' method: 'TmsTestListner.afterTestCase(...)' completed.

2018-11-12 14:49:12 - [TEST_STEP][PASSED] - Statement - If (java.lang.System.getProperties().containsKey("updateRally")): Invoke 'com.kms.katalon.core.annotation.AfterTestCase' method: 'TmsTestListner.afterTestCase(...)' completed.]]></system-out>
         <system-err><![CDATA[]]></system-err>
      </testcase>
      <testcase name="Test Cases/Customer/F11762-View Customer/QA-US83146/US84104-View Customer/TC59502-Verify Customer Page" classname="Test Cases/Customer/F11762-View Customer/QA-US83146/US84104-View Customer/TC59502-Verify Customer Page" status="FAILED">
         <failure type="FAILED" message="(Stack trace: com.kms.katalon.core.exception.StepFailedException: Unable to verify equal between actual object 'Z5HSLIL - null' and expected object 'Z5HSLIL' (Root cause: Actual object 'Z5HSLIL - null' and expected object 'Z5HSLIL' are not equal)
	at com.kms.katalon.core.keyword.internal.KeywordMain.stepFailed(KeywordMain.groovy:36)
	at com.kms.katalon.core.keyword.internal.KeywordMain.stepFailed(KeywordMain.groovy)
	at com.kms.katalon.core.keyword.internal.KeywordMain.runKeyword(KeywordMain.groovy:56)
	at com.kms.katalon.core.keyword.builtin.VerifyEqualKeyword.verifyEqual(VerifyEqualKeyword.groovy:64)
	at com.kms.katalon.core.keyword.builtin.VerifyEqualKeyword.execute(VerifyEqualKeyword.groovy:45)
	at com.kms.katalon.core.keyword.internal.KeywordExecutor.executeKeywordForPlatform(KeywordExecutor.groovy:53)
	at com.kms.katalon.core.keyword.BuiltinKeywords.verifyEqual(BuiltinKeywords.groovy:141)
	at sun.reflect.GeneratedMethodAccessor3.invoke(Unknown Source)
	at sun.reflect.DelegatingMethodAccessorImpl.invoke(DelegatingMethodAccessorImpl.java:43)
	at java.lang.reflect.Method.invoke(Method.java:498)
	at org.codehaus.groovy.reflection.CachedMethod.invoke(CachedMethod.java:93)
	at groovy.lang.MetaMethod.doMethodInvoke(MetaMethod.java:325)
	at groovy.lang.MetaClassImpl.invokeStaticMethod(MetaClassImpl.java:1469)
	at org.codehaus.groovy.runtime.callsite.StaticMetaClassSite.call(StaticMetaClassSite.java:53)
	at org.codehaus.groovy.runtime.callsite.CallSiteArray.defaultCall(CallSiteArray.java:48)
	at org.codehaus.groovy.runtime.callsite.AbstractCallSite.call(AbstractCallSite.java:113)
	at org.codehaus.groovy.runtime.callsite.AbstractCallSite.call(AbstractCallSite.java:133)
	at com.ge.tms.customer.CustomerVerification.verifyCustomerDetailsInRightPane(CustomerVerification.groovy:245)
	at sun.reflect.NativeMethodAccessorImpl.invoke0(Native Method)
	at sun.reflect.NativeMethodAccessorImpl.invoke(NativeMethodAccessorImpl.java:62)
	at sun.reflect.DelegatingMethodAccessorImpl.invoke(DelegatingMethodAccessorImpl.java:43)
	at java.lang.reflect.Method.invoke(Method.java:498)
	at org.codehaus.groovy.reflection.CachedMethod.invoke(CachedMethod.java:93)
	at groovy.lang.MetaMethod.doMethodInvoke(MetaMethod.java:325)
	at groovy.lang.MetaClassImpl.invokeMethod(MetaClassImpl.java:1215)
	at groovy.lang.MetaClassImpl.invokeMethod(MetaClassImpl.java:1024)
	at groovy.lang.MetaClassImpl.invokeMethod(MetaClassImpl.java:812)
	at groovy.lang.DelegatingMetaClass.invokeMethod(DelegatingMetaClass.java:144)
	at com.ge.tms.customer.CustomerVerification.invokeMethod(CustomerVerification.groovy)
	at com.kms.katalon.core.main.CustomKeywordDelegatingMetaClass.invokeStaticMethod(CustomKeywordDelegatingMetaClass.java:46)
	at org.codehaus.groovy.runtime.callsite.StaticMetaClassSite.call(StaticMetaClassSite.java:53)
	at org.codehaus.groovy.runtime.callsite.CallSiteArray.defaultCall(CallSiteArray.java:48)
	at org.codehaus.groovy.runtime.callsite.AbstractCallSite.call(AbstractCallSite.java:113)
	at org.codehaus.groovy.runtime.callsite.AbstractCallSite.call(AbstractCallSite.java:125)
	at Script1533639748945.run(Script1533639748945.groovy:90)
	at com.kms.katalon.core.main.ScriptEngine.run(ScriptEngine.java:183)
	at com.kms.katalon.core.main.ScriptEngine.runScriptAsRawText(ScriptEngine.java:108)
	at com.kms.katalon.core.main.TestCaseExecutor.runScript(TestCaseExecutor.java:294)
	at com.kms.katalon.core.main.TestCaseExecutor.doExecute(TestCaseExecutor.java:285)
	at com.kms.katalon.core.main.TestCaseExecutor.processExecutionPhase(TestCaseExecutor.java:264)
	at com.kms.katalon.core.main.TestCaseExecutor.accessMainPhase(TestCaseExecutor.java:256)
	at com.kms.katalon.core.main.TestCaseExecutor.execute(TestCaseExecutor.java:200)
	at com.kms.katalon.core.main.TestSuiteExecutor.accessTestCaseMainPhase(TestSuiteExecutor.java:129)
	at com.kms.katalon.core.main.TestSuiteExecutor.accessTestSuiteMainPhase(TestSuiteExecutor.java:112)
	at com.kms.katalon.core.main.TestSuiteExecutor.execute(TestSuiteExecutor.java:81)
	at com.kms.katalon.core.main.TestCaseMain.startTestSuite(TestCaseMain.java:142)
	at com.kms.katalon.core.main.TestCaseMain$startTestSuite$0.call(Unknown Source)
	at org.codehaus.groovy.runtime.callsite.CallSiteArray.defaultCall(CallSiteArray.java:48)
	at org.codehaus.groovy.runtime.callsite.AbstractCallSite.call(AbstractCallSite.java:113)
	at org.codehaus.groovy.runtime.callsite.AbstractCallSite.call(AbstractCallSite.java:141)
	at TempTestSuite1542012406417.run(TempTestSuite1542012406417.groovy:36)
	at groovy.lang.GroovyShell.runScriptOrMainOrTestOrRunnable(GroovyShell.java:263)
	at groovy.lang.GroovyShell.run(GroovyShell.java:518)
	at groovy.lang.GroovyShell.run(GroovyShell.java:507)
	at groovy.ui.GroovyMain.processOnce(GroovyMain.java:653)
	at groovy.ui.GroovyMain.run(GroovyMain.java:384)
	at groovy.ui.GroovyMain.process(GroovyMain.java:370)
	at groovy.ui.GroovyMain.processArgs(GroovyMain.java:129)
	at groovy.ui.GroovyMain.main(GroovyMain.java:109)
	at sun.reflect.NativeMethodAccessorImpl.invoke0(Native Method)
	at sun.reflect.NativeMethodAccessorImpl.invoke(NativeMethodAccessorImpl.java:62)
	at sun.reflect.DelegatingMethodAccessorImpl.invoke(DelegatingMethodAccessorImpl.java:43)
	at java.lang.reflect.Method.invoke(Method.java:498)
	at org.codehaus.groovy.tools.GroovyStarter.rootLoader(GroovyStarter.java:109)
	at org.codehaus.groovy.tools.GroovyStarter.main(GroovyStarter.java:131)
)"/>
         <system-out><![CDATA[2018-11-12 14:49:12 - [TEST_CASE][FAILED] - Test Cases/Customer/F11762-View Customer/QA-US83146/US84104-View Customer/TC59502-Verify Customer Page: Test Cases/Customer/F11762-View Customer/QA-US83146/US84104-View Customer/TC59502-Verify Customer Page FAILED because (of) (Stack trace: com.kms.katalon.core.exception.StepFailedException: Unable to verify equal between actual object 'Z5HSLIL - null' and expected object 'Z5HSLIL' (Root cause: Actual object 'Z5HSLIL - null' and expected object 'Z5HSLIL' are not equal)
	at com.kms.katalon.core.keyword.internal.KeywordMain.stepFailed(KeywordMain.groovy:36)
	at com.kms.katalon.core.keyword.internal.KeywordMain.stepFailed(KeywordMain.groovy)
	at com.kms.katalon.core.keyword.internal.KeywordMain.runKeyword(KeywordMain.groovy:56)
	at com.kms.katalon.core.keyword.builtin.VerifyEqualKeyword.verifyEqual(VerifyEqualKeyword.groovy:64)
	at com.kms.katalon.core.keyword.builtin.VerifyEqualKeyword.execute(VerifyEqualKeyword.groovy:45)
	at com.kms.katalon.core.keyword.internal.KeywordExecutor.executeKeywordForPlatform(KeywordExecutor.groovy:53)
	at com.kms.katalon.core.keyword.BuiltinKeywords.verifyEqual(BuiltinKeywords.groovy:141)
	at sun.reflect.GeneratedMethodAccessor3.invoke(Unknown Source)
	at sun.reflect.DelegatingMethodAccessorImpl.invoke(DelegatingMethodAccessorImpl.java:43)
	at java.lang.reflect.Method.invoke(Method.java:498)
	at org.codehaus.groovy.reflection.CachedMethod.invoke(CachedMethod.java:93)
	at groovy.lang.MetaMethod.doMethodInvoke(MetaMethod.java:325)
	at groovy.lang.MetaClassImpl.invokeStaticMethod(MetaClassImpl.java:1469)
	at org.codehaus.groovy.runtime.callsite.StaticMetaClassSite.call(StaticMetaClassSite.java:53)
	at org.codehaus.groovy.runtime.callsite.CallSiteArray.defaultCall(CallSiteArray.java:48)
	at org.codehaus.groovy.runtime.callsite.AbstractCallSite.call(AbstractCallSite.java:113)
	at org.codehaus.groovy.runtime.callsite.AbstractCallSite.call(AbstractCallSite.java:133)
	at com.ge.tms.customer.CustomerVerification.verifyCustomerDetailsInRightPane(CustomerVerification.groovy:245)
	at sun.reflect.NativeMethodAccessorImpl.invoke0(Native Method)
	at sun.reflect.NativeMethodAccessorImpl.invoke(NativeMethodAccessorImpl.java:62)
	at sun.reflect.DelegatingMethodAccessorImpl.invoke(DelegatingMethodAccessorImpl.java:43)
	at java.lang.reflect.Method.invoke(Method.java:498)
	at org.codehaus.groovy.reflection.CachedMethod.invoke(CachedMethod.java:93)
	at groovy.lang.MetaMethod.doMethodInvoke(MetaMethod.java:325)
	at groovy.lang.MetaClassImpl.invokeMethod(MetaClassImpl.java:1215)
	at groovy.lang.MetaClassImpl.invokeMethod(MetaClassImpl.java:1024)
	at groovy.lang.MetaClassImpl.invokeMethod(MetaClassImpl.java:812)
	at groovy.lang.DelegatingMetaClass.invokeMethod(DelegatingMetaClass.java:144)
	at com.ge.tms.customer.CustomerVerification.invokeMethod(CustomerVerification.groovy)
	at com.kms.katalon.core.main.CustomKeywordDelegatingMetaClass.invokeStaticMethod(CustomKeywordDelegatingMetaClass.java:46)
	at org.codehaus.groovy.runtime.callsite.StaticMetaClassSite.call(StaticMetaClassSite.java:53)
	at org.codehaus.groovy.runtime.callsite.CallSiteArray.defaultCall(CallSiteArray.java:48)
	at org.codehaus.groovy.runtime.callsite.AbstractCallSite.call(AbstractCallSite.java:113)
	at org.codehaus.groovy.runtime.callsite.AbstractCallSite.call(AbstractCallSite.java:125)
	at Script1533639748945.run(Script1533639748945.groovy:90)
	at com.kms.katalon.core.main.ScriptEngine.run(ScriptEngine.java:183)
	at com.kms.katalon.core.main.ScriptEngine.runScriptAsRawText(ScriptEngine.java:108)
	at com.kms.katalon.core.main.TestCaseExecutor.runScript(TestCaseExecutor.java:294)
	at com.kms.katalon.core.main.TestCaseExecutor.doExecute(TestCaseExecutor.java:285)
	at com.kms.katalon.core.main.TestCaseExecutor.processExecutionPhase(TestCaseExecutor.java:264)
	at com.kms.katalon.core.main.TestCaseExecutor.accessMainPhase(TestCaseExecutor.java:256)
	at com.kms.katalon.core.main.TestCaseExecutor.execute(TestCaseExecutor.java:200)
	at com.kms.katalon.core.main.TestSuiteExecutor.accessTestCaseMainPhase(TestSuiteExecutor.java:129)
	at com.kms.katalon.core.main.TestSuiteExecutor.accessTestSuiteMainPhase(TestSuiteExecutor.java:112)
	at com.kms.katalon.core.main.TestSuiteExecutor.execute(TestSuiteExecutor.java:81)
	at com.kms.katalon.core.main.TestCaseMain.startTestSuite(TestCaseMain.java:142)
	at com.kms.katalon.core.main.TestCaseMain$startTestSuite$0.call(Unknown Source)
	at org.codehaus.groovy.runtime.callsite.CallSiteArray.defaultCall(CallSiteArray.java:48)
	at org.codehaus.groovy.runtime.callsite.AbstractCallSite.call(AbstractCallSite.java:113)
	at org.codehaus.groovy.runtime.callsite.AbstractCallSite.call(AbstractCallSite.java:141)
	at TempTestSuite1542012406417.run(TempTestSuite1542012406417.groovy:36)
	at groovy.lang.GroovyShell.runScriptOrMainOrTestOrRunnable(GroovyShell.java:263)
	at groovy.lang.GroovyShell.run(GroovyShell.java:518)
	at groovy.lang.GroovyShell.run(GroovyShell.java:507)
	at groovy.ui.GroovyMain.processOnce(GroovyMain.java:653)
	at groovy.ui.GroovyMain.run(GroovyMain.java:384)
	at groovy.ui.GroovyMain.process(GroovyMain.java:370)
	at groovy.ui.GroovyMain.processArgs(GroovyMain.java:129)
	at groovy.ui.GroovyMain.main(GroovyMain.java:109)
	at sun.reflect.NativeMethodAccessorImpl.invoke0(Native Method)
	at sun.reflect.NativeMethodAccessorImpl.invoke(NativeMethodAccessorImpl.java:62)
	at sun.reflect.DelegatingMethodAccessorImpl.invoke(DelegatingMethodAccessorImpl.java:43)
	at java.lang.reflect.Method.invoke(Method.java:498)
	at org.codehaus.groovy.tools.GroovyStarter.rootLoader(GroovyStarter.java:109)
	at org.codehaus.groovy.tools.GroovyStarter.main(GroovyStarter.java:131)
)

2018-11-12 14:49:12 - [TEST_STEP][PASSED] - Start listener action : beforeTestCaseExecute: Navigate to 'http://localhost:8080/home' successfully

2018-11-12 14:49:12 - [TEST_STEP][PASSED] - Statement - If (isTestSuitEnable == true): Navigate to 'http://localhost:8080/home' successfully

2018-11-12 14:49:12 - [TEST_STEP][PASSED] - navigateToUrl: Navigate to 'http://localhost:8080/home' successfully

2018-11-12 14:49:13 - [MESSAGE][PASSED] - Navigate to 'http://localhost:8080/home' successfully

2018-11-12 14:49:13 - [TEST_STEP][PASSED] - com.ge.tms.commonactions.CommonClickEvents.clickOnManageCustomers: com.ge.tms.commonactions.CommonClickEvents.clickOnManageCustomers is PASSED

2018-11-12 14:49:13 - [MESSAGE][PASSED] - Execute JavaScript 'document.querySelector('px-app-nav').shadowRoot.querySelector('#items > px-app-nav-group:nth-child(13) > px-app-nav-subitem:nth-child(2)').click()' successfully

2018-11-12 14:49:14 - [MESSAGE][PASSED] - Delayed 1 second(s)

2018-11-12 14:49:14 - [MESSAGE][PASSED] - com.ge.tms.commonactions.CommonClickEvents.clickOnManageCustomers is PASSED

2018-11-12 14:49:14 - [TEST_STEP][PASSED] - com.ge.tms.customer.CustomerVerification.verifyCustomerPageHeader: com.ge.tms.customer.CustomerVerification.verifyCustomerPageHeader is PASSED

2018-11-12 14:49:14 - [MESSAGE][PASSED] - Send request successfully

2018-11-12 14:49:14 - [MESSAGE][PASSED] - Send request successfully

2018-11-12 14:49:14 - [MESSAGE][PASSED] - Send request successfully

2018-11-12 14:49:14 - [MESSAGE][PASSED] - Send request successfully

2018-11-12 14:49:14 - [MESSAGE][PASSED] - Send request successfully

2018-11-12 14:49:14 - [MESSAGE][PASSED] - Send request successfully

2018-11-12 14:49:14 - [MESSAGE][PASSED] - Send request successfully

2018-11-12 14:49:14 - [MESSAGE][PASSED] - Send request successfully

2018-11-12 14:49:14 - [MESSAGE][PASSED] - Send request successfully

2018-11-12 14:49:14 - [MESSAGE][PASSED] - Text of object 'Object Repository/F11762-View Customer/QA-US83146/US84104-View Customer/View Customer/CustomerPageObject/h1_Manage Customers' is: 'Customer Management'

2018-11-12 14:49:14 - [MESSAGE][PASSED] - Actual object 'Customer Management' and expected object 'Customer Management' are equal

2018-11-12 14:49:14 - [MESSAGE][PASSED] - com.ge.tms.customer.CustomerVerification.verifyCustomerPageHeader is PASSED

2018-11-12 14:49:14 - [TEST_STEP][PASSED] - Statement - customersData = com.kms.katalon.core.webservice.keyword.WSBuiltInKeywords.sendRequest(com.kms.katalon.core.testobject.ObjectRepository.findTestObject(customerServices/GET-AllCustomersData)): Send request successfully

2018-11-12 14:49:14 - [MESSAGE][PASSED] - Send request successfully

2018-11-12 14:49:14 - [TEST_STEP][PASSED] - com.ge.tms.customer.CustomerVerification.verifyCustomerSize: com.ge.tms.customer.CustomerVerification.verifyCustomerSize is PASSED

2018-11-12 14:49:14 - [MESSAGE][PASSED] - Send request successfully

2018-11-12 14:49:14 - [MESSAGE][PASSED] - Send request successfully

2018-11-12 14:49:14 - [MESSAGE][PASSED] - Send request successfully

2018-11-12 14:49:14 - [MESSAGE][PASSED] - Send request successfully

2018-11-12 14:49:14 - [MESSAGE][PASSED] - Send request successfully

2018-11-12 14:49:14 - [MESSAGE][PASSED] - Send request successfully

2018-11-12 14:49:14 - [MESSAGE][PASSED] - Send request successfully

2018-11-12 14:49:14 - [MESSAGE][PASSED] - Send request successfully

2018-11-12 14:49:14 - [MESSAGE][PASSED] - Send request successfully

2018-11-12 14:49:14 - [MESSAGE][PASSED] - Actual object '22' and expected object '22' are equal

2018-11-12 14:49:14 - [MESSAGE][PASSED] - com.ge.tms.customer.CustomerVerification.verifyCustomerSize is PASSED

2018-11-12 14:49:14 - [TEST_STEP][PASSED] - com.ge.tms.util.CommonUtilities.verifyDefualtSelectedBackground: com.ge.tms.util.CommonUtilities.verifyDefualtSelectedBackground is PASSED

2018-11-12 14:49:14 - [MESSAGE][PASSED] - Send request successfully

2018-11-12 14:49:14 - [MESSAGE][PASSED] - Send request successfully

2018-11-12 14:49:14 - [MESSAGE][PASSED] - Send request successfully

2018-11-12 14:49:14 - [MESSAGE][PASSED] - Send request successfully

2018-11-12 14:49:14 - [MESSAGE][PASSED] - Get CSS 'background-color' value on 'Object Repository/F11762-View Customer/QA-US83146/US84104-View Customer/View Customer/CustomerPageObject/ToCheckBgColor' successfully: 'rgba(9, 129, 156, 1)'.

2018-11-12 14:49:14 - [MESSAGE][PASSED] - Actual object 'rgba(9, 129, 156, 1)' and expected object 'rgba(9, 129, 156, 1)' are equal

2018-11-12 14:49:14 - [MESSAGE][PASSED] - com.ge.tms.util.CommonUtilities.verifyDefualtSelectedBackground is PASSED

2018-11-12 14:49:14 - [TEST_STEP][PASSED] - Statement - partronId = com.kms.katalon.core.webui.keyword.WebUiBuiltInKeywords.getText(com.kms.katalon.core.testobject.ObjectRepository.findTestObject(F11762-View Customer/QA-US83146/US84104-View Customer/View Customer/CustomerPageObject/button_Customer 4ABC)): Text of object 'Object Repository/F11762-View Customer/QA-US83146/US84104-View Customer/View Customer/CustomerPageObject/button_Customer 4ABC' is: '113331232-LWF'

2018-11-12 14:49:15 - [MESSAGE][PASSED] - Text of object 'Object Repository/F11762-View Customer/QA-US83146/US84104-View Customer/View Customer/CustomerPageObject/button_Customer 4ABC' is: '113331232-LWF'

2018-11-12 14:49:15 - [TEST_STEP][PASSED] - Statement - selectedCustomerData = com.kms.katalon.core.webservice.keyword.WSBuiltInKeywords.sendRequest(com.kms.katalon.core.testobject.ObjectRepository.findTestObject(customerServices/GET-SelectedCustomer, [custId:partronId.split(-)[0]])): Send request successfully

2018-11-12 14:49:15 - [MESSAGE][PASSED] - Send request successfully

2018-11-12 14:49:15 - [TEST_STEP][PASSED] - com.ge.tms.customer.CustomerVerification.verifyCustomerRightPageHeader: com.ge.tms.customer.CustomerVerification.verifyCustomerRightPageHeader is PASSED

2018-11-12 14:49:15 - [MESSAGE][PASSED] - Send request successfully

2018-11-12 14:49:15 - [MESSAGE][PASSED] - Send request successfully

2018-11-12 14:49:15 - [MESSAGE][PASSED] - Send request successfully

2018-11-12 14:49:15 - [MESSAGE][PASSED] - Send request successfully

2018-11-12 14:49:15 - [MESSAGE][PASSED] - Send request successfully

2018-11-12 14:49:15 - [MESSAGE][PASSED] - Send request successfully

2018-11-12 14:49:15 - [MESSAGE][PASSED] - Send request successfully

2018-11-12 14:49:15 - [MESSAGE][PASSED] - Send request successfully

2018-11-12 14:49:15 - [MESSAGE][PASSED] - Send request successfully

2018-11-12 14:49:15 - [MESSAGE][PASSED] - Text of object 'Object Repository/F11762-View Customer/QA-US83146/US84104-View Customer/View Customer/CustomerPageObject/div_Customer1' is: 'Billing Customer
113331232-LWF
11/12/2018 02:16 PM'

2018-11-12 14:49:15 - [MESSAGE][PASSED] - Actual object 'Billing Customer' and expected object 'Billing Customer' are equal

2018-11-12 14:49:15 - [MESSAGE][PASSED] - com.ge.tms.customer.CustomerVerification.verifyCustomerRightPageHeader is PASSED

2018-11-12 14:49:15 - [TEST_STEP][FAILED] - com.ge.tms.customer.CustomerVerification.verifyCustomerDetailsInRightPane: Unable to verify equal between actual object 'Z5HSLIL - null' and expected object 'Z5HSLIL' (Root cause: Actual object 'Z5HSLIL - null' and expected object 'Z5HSLIL' are not equal)

2018-11-12 14:49:15 - [MESSAGE][PASSED] - Send request successfully

2018-11-12 14:49:15 - [MESSAGE][PASSED] - Send request successfully

2018-11-12 14:49:15 - [MESSAGE][PASSED] - Send request successfully

2018-11-12 14:49:15 - [MESSAGE][PASSED] - Send request successfully

2018-11-12 14:49:15 - [MESSAGE][PASSED] - Send request successfully

2018-11-12 14:49:15 - [MESSAGE][PASSED] - Send request successfully

2018-11-12 14:49:15 - [MESSAGE][PASSED] - Send request successfully

2018-11-12 14:49:15 - [MESSAGE][PASSED] - Send request successfully

2018-11-12 14:49:15 - [MESSAGE][PASSED] - Send request successfully

2018-11-12 14:49:15 - [MESSAGE][PASSED] - Text of object 'Object Repository/F11762-View Customer/QA-US83146/US84104-View Customer/View Customer/CustomerPageObject/rightPane/type' is: 'Billing'

2018-11-12 14:49:15 - [MESSAGE][PASSED] - Text of object 'Object Repository/F11762-View Customer/QA-US83146/US84104-View Customer/View Customer/CustomerPageObject/rightPane/altCode' is: 'alt10Up'

2018-11-12 14:49:15 - [MESSAGE][PASSED] - Text of object 'Object Repository/F11762-View Customer/QA-US83146/US84104-View Customer/View Customer/CustomerPageObject/rightPane/shortName' is: '113331232LWF'

2018-11-12 14:49:15 - [MESSAGE][PASSED] - Text of object 'Object Repository/F11762-View Customer/QA-US83146/US84104-View Customer/View Customer/CustomerPageObject/rightPane/parent' is: '--'

2018-11-12 14:49:15 - [MESSAGE][PASSED] - Text of object 'Object Repository/F11762-View Customer/QA-US83146/US84104-View Customer/View Customer/CustomerPageObject/rightPane/address' is: '#101-5-87 - downtown Updated'

2018-11-12 14:49:15 - [MESSAGE][PASSED] - Text of object 'Object Repository/F11762-View Customer/QA-US83146/US84104-View Customer/View Customer/CustomerPageObject/rightPane/city' is: 'chicago'

2018-11-12 14:49:15 - [MESSAGE][PASSED] - Text of object 'Object Repository/F11762-View Customer/QA-US83146/US84104-View Customer/View Customer/CustomerPageObject/rightPane/state' is: 'AK'

2018-11-12 14:49:15 - [MESSAGE][PASSED] - Text of object 'Object Repository/F11762-View Customer/QA-US83146/US84104-View Customer/View Customer/CustomerPageObject/rightPane/country' is: 'USA'

2018-11-12 14:49:15 - [MESSAGE][PASSED] - Text of object 'Object Repository/F11762-View Customer/QA-US83146/US84104-View Customer/View Customer/CustomerPageObject/rightPane/zip' is: '61001'

2018-11-12 14:49:15 - [MESSAGE][PASSED] - Text of object 'Object Repository/F11762-View Customer/QA-US83146/US84104-View Customer/View Customer/CustomerPageObject/rightPane/attention' is: 'Attention Updated'

2018-11-12 14:49:15 - [MESSAGE][PASSED] - Text of object 'Object Repository/F11762-View Customer/QA-US83146/US84104-View Customer/View Customer/CustomerPageObject/rightPane/phone' is: '--'

2018-11-12 14:49:15 - [MESSAGE][PASSED] - Text of object 'Object Repository/F11762-View Customer/QA-US83146/US84104-View Customer/View Customer/CustomerPageObject/rightPane/fax' is: '--'

2018-11-12 14:49:15 - [MESSAGE][PASSED] - Text of object 'Object Repository/F11762-View Customer/QA-US83146/US84104-View Customer/View Customer/CustomerPageObject/rightPane/stationZone' is: 'Z5HSLIL'

2018-11-12 14:49:15 - [MESSAGE][PASSED] - Text of object 'Object Repository/F11762-View Customer/QA-US83146/US84104-View Customer/View Customer/CustomerPageObject/rightPane/milepost' is: '100'

2018-11-12 14:49:15 - [MESSAGE][PASSED] - Text of object 'Object Repository/F11762-View Customer/QA-US83146/US84104-View Customer/View Customer/CustomerPageObject/rightPane/servingStation' is: 'SE8GFRR'

2018-11-12 14:49:15 - [MESSAGE][PASSED] - Text of object 'Object Repository/F11762-View Customer/QA-US83146/US84104-View Customer/View Customer/CustomerPageObject/rightPane/defaultStationTrack' is: 'SJA5LGC'

2018-11-12 14:49:15 - [MESSAGE][PASSED] - Actual object 'Billing' and expected object 'Billing' are equal

2018-11-12 14:49:15 - [MESSAGE][PASSED] - Actual object 'alt10Up' and expected object 'alt10Up' are equal

2018-11-12 14:49:15 - [MESSAGE][PASSED] - Actual object '113331232LWF' and expected object '113331232LWF' are equal

2018-11-12 14:49:15 - [MESSAGE][PASSED] - Actual object '--' and expected object '--' are equal

2018-11-12 14:49:15 - [MESSAGE][PASSED] - Actual object '#101-5-87 - downtown Updated' and expected object '#101-5-87 - downtown Updated' are equal

2018-11-12 14:49:15 - [MESSAGE][PASSED] - Actual object 'chicago' and expected object 'chicago' are equal

2018-11-12 14:49:15 - [MESSAGE][PASSED] - Actual object 'AK' and expected object 'AK' are equal

2018-11-12 14:49:15 - [MESSAGE][PASSED] - Actual object 'USA' and expected object 'USA' are equal

2018-11-12 14:49:15 - [MESSAGE][PASSED] - Actual object '61001' and expected object '61001' are equal

2018-11-12 14:49:15 - [MESSAGE][PASSED] - Actual object 'Attention Updated' and expected object 'Attention Updated' are equal

2018-11-12 14:49:15 - [MESSAGE][PASSED] - Actual object '--' and expected object '--' are equal

2018-11-12 14:49:15 - [MESSAGE][PASSED] - Actual object '--' and expected object '--' are equal

2018-11-12 14:49:15 - [MESSAGE][FAILED] - Unable to verify equal between actual object 'Z5HSLIL - null' and expected object 'Z5HSLIL' (Root cause: Actual object 'Z5HSLIL - null' and expected object 'Z5HSLIL' are not equal)

2018-11-12 14:49:15 - [MESSAGE][FAILED] - Unable to verify equal between actual object 'Z5HSLIL - null' and expected object 'Z5HSLIL' (Root cause: Actual object 'Z5HSLIL - null' and expected object 'Z5HSLIL' are not equal)

2018-11-12 14:49:15 - [TEST_STEP][PASSED] - Start listener action : closeBrowserForTestCasse: Navigate to 'http://localhost:8080/home' successfully

2018-11-12 14:49:15 - [TEST_STEP][PASSED] - Statement - If (isTestSuitEnable == true): null

2018-11-12 14:49:15 - [TEST_STEP][PASSED] - Statement - beforeTestCaseExecute(): null

2018-11-12 14:49:15 - [TEST_STEP][PASSED] - Statement - If (isTestSuitEnable == true): Navigate to 'http://localhost:8080/home' successfully

2018-11-12 14:49:15 - [TEST_STEP][PASSED] - navigateToUrl: Navigate to 'http://localhost:8080/home' successfully

2018-11-12 14:49:16 - [MESSAGE][PASSED] - Navigate to 'http://localhost:8080/home' successfully

2018-11-12 14:49:16 - [TEST_STEP][PASSED] - Start listener action : afterTestCase: Invoke 'com.kms.katalon.core.annotation.AfterTestCase' method: 'TmsTestListner.afterTestCase(...)' completed.

2018-11-12 14:49:16 - [TEST_STEP][PASSED] - Statement - If (java.lang.System.getProperties().containsKey("updateRally")): Invoke 'com.kms.katalon.core.annotation.AfterTestCase' method: 'TmsTestListner.afterTestCase(...)' completed.]]></system-out>
         <system-err><![CDATA[2018-11-12 14:49:12 - [TEST_CASE][FAILED] - Test Cases/Customer/F11762-View Customer/QA-US83146/US84104-View Customer/TC59502-Verify Customer Page: Test Cases/Customer/F11762-View Customer/QA-US83146/US84104-View Customer/TC59502-Verify Customer Page FAILED because (of) (Stack trace: com.kms.katalon.core.exception.StepFailedException: Unable to verify equal between actual object 'Z5HSLIL - null' and expected object 'Z5HSLIL' (Root cause: Actual object 'Z5HSLIL - null' and expected object 'Z5HSLIL' are not equal)
	at com.kms.katalon.core.keyword.internal.KeywordMain.stepFailed(KeywordMain.groovy:36)
	at com.kms.katalon.core.keyword.internal.KeywordMain.stepFailed(KeywordMain.groovy)
	at com.kms.katalon.core.keyword.internal.KeywordMain.runKeyword(KeywordMain.groovy:56)
	at com.kms.katalon.core.keyword.builtin.VerifyEqualKeyword.verifyEqual(VerifyEqualKeyword.groovy:64)
	at com.kms.katalon.core.keyword.builtin.VerifyEqualKeyword.execute(VerifyEqualKeyword.groovy:45)
	at com.kms.katalon.core.keyword.internal.KeywordExecutor.executeKeywordForPlatform(KeywordExecutor.groovy:53)
	at com.kms.katalon.core.keyword.BuiltinKeywords.verifyEqual(BuiltinKeywords.groovy:141)
	at sun.reflect.GeneratedMethodAccessor3.invoke(Unknown Source)
	at sun.reflect.DelegatingMethodAccessorImpl.invoke(DelegatingMethodAccessorImpl.java:43)
	at java.lang.reflect.Method.invoke(Method.java:498)
	at org.codehaus.groovy.reflection.CachedMethod.invoke(CachedMethod.java:93)
	at groovy.lang.MetaMethod.doMethodInvoke(MetaMethod.java:325)
	at groovy.lang.MetaClassImpl.invokeStaticMethod(MetaClassImpl.java:1469)
	at org.codehaus.groovy.runtime.callsite.StaticMetaClassSite.call(StaticMetaClassSite.java:53)
	at org.codehaus.groovy.runtime.callsite.CallSiteArray.defaultCall(CallSiteArray.java:48)
	at org.codehaus.groovy.runtime.callsite.AbstractCallSite.call(AbstractCallSite.java:113)
	at org.codehaus.groovy.runtime.callsite.AbstractCallSite.call(AbstractCallSite.java:133)
	at com.ge.tms.customer.CustomerVerification.verifyCustomerDetailsInRightPane(CustomerVerification.groovy:245)
	at sun.reflect.NativeMethodAccessorImpl.invoke0(Native Method)
	at sun.reflect.NativeMethodAccessorImpl.invoke(NativeMethodAccessorImpl.java:62)
	at sun.reflect.DelegatingMethodAccessorImpl.invoke(DelegatingMethodAccessorImpl.java:43)
	at java.lang.reflect.Method.invoke(Method.java:498)
	at org.codehaus.groovy.reflection.CachedMethod.invoke(CachedMethod.java:93)
	at groovy.lang.MetaMethod.doMethodInvoke(MetaMethod.java:325)
	at groovy.lang.MetaClassImpl.invokeMethod(MetaClassImpl.java:1215)
	at groovy.lang.MetaClassImpl.invokeMethod(MetaClassImpl.java:1024)
	at groovy.lang.MetaClassImpl.invokeMethod(MetaClassImpl.java:812)
	at groovy.lang.DelegatingMetaClass.invokeMethod(DelegatingMetaClass.java:144)
	at com.ge.tms.customer.CustomerVerification.invokeMethod(CustomerVerification.groovy)
	at com.kms.katalon.core.main.CustomKeywordDelegatingMetaClass.invokeStaticMethod(CustomKeywordDelegatingMetaClass.java:46)
	at org.codehaus.groovy.runtime.callsite.StaticMetaClassSite.call(StaticMetaClassSite.java:53)
	at org.codehaus.groovy.runtime.callsite.CallSiteArray.defaultCall(CallSiteArray.java:48)
	at org.codehaus.groovy.runtime.callsite.AbstractCallSite.call(AbstractCallSite.java:113)
	at org.codehaus.groovy.runtime.callsite.AbstractCallSite.call(AbstractCallSite.java:125)
	at Script1533639748945.run(Script1533639748945.groovy:90)
	at com.kms.katalon.core.main.ScriptEngine.run(ScriptEngine.java:183)
	at com.kms.katalon.core.main.ScriptEngine.runScriptAsRawText(ScriptEngine.java:108)
	at com.kms.katalon.core.main.TestCaseExecutor.runScript(TestCaseExecutor.java:294)
	at com.kms.katalon.core.main.TestCaseExecutor.doExecute(TestCaseExecutor.java:285)
	at com.kms.katalon.core.main.TestCaseExecutor.processExecutionPhase(TestCaseExecutor.java:264)
	at com.kms.katalon.core.main.TestCaseExecutor.accessMainPhase(TestCaseExecutor.java:256)
	at com.kms.katalon.core.main.TestCaseExecutor.execute(TestCaseExecutor.java:200)
	at com.kms.katalon.core.main.TestSuiteExecutor.accessTestCaseMainPhase(TestSuiteExecutor.java:129)
	at com.kms.katalon.core.main.TestSuiteExecutor.accessTestSuiteMainPhase(TestSuiteExecutor.java:112)
	at com.kms.katalon.core.main.TestSuiteExecutor.execute(TestSuiteExecutor.java:81)
	at com.kms.katalon.core.main.TestCaseMain.startTestSuite(TestCaseMain.java:142)
	at com.kms.katalon.core.main.TestCaseMain$startTestSuite$0.call(Unknown Source)
	at org.codehaus.groovy.runtime.callsite.CallSiteArray.defaultCall(CallSiteArray.java:48)
	at org.codehaus.groovy.runtime.callsite.AbstractCallSite.call(AbstractCallSite.java:113)
	at org.codehaus.groovy.runtime.callsite.AbstractCallSite.call(AbstractCallSite.java:141)
	at TempTestSuite1542012406417.run(TempTestSuite1542012406417.groovy:36)
	at groovy.lang.GroovyShell.runScriptOrMainOrTestOrRunnable(GroovyShell.java:263)
	at groovy.lang.GroovyShell.run(GroovyShell.java:518)
	at groovy.lang.GroovyShell.run(GroovyShell.java:507)
	at groovy.ui.GroovyMain.processOnce(GroovyMain.java:653)
	at groovy.ui.GroovyMain.run(GroovyMain.java:384)
	at groovy.ui.GroovyMain.process(GroovyMain.java:370)
	at groovy.ui.GroovyMain.processArgs(GroovyMain.java:129)
	at groovy.ui.GroovyMain.main(GroovyMain.java:109)
	at sun.reflect.NativeMethodAccessorImpl.invoke0(Native Method)
	at sun.reflect.NativeMethodAccessorImpl.invoke(NativeMethodAccessorImpl.java:62)
	at sun.reflect.DelegatingMethodAccessorImpl.invoke(DelegatingMethodAccessorImpl.java:43)
	at java.lang.reflect.Method.invoke(Method.java:498)
	at org.codehaus.groovy.tools.GroovyStarter.rootLoader(GroovyStarter.java:109)
	at org.codehaus.groovy.tools.GroovyStarter.main(GroovyStarter.java:131)
)]]></system-err>
      </testcase>
      <testcase name="Test Cases/Customer/F11762-View Customer/QA-US84851/US83148-SearchCustomer/TC60342-Verify Filters" classname="Test Cases/Customer/F11762-View Customer/QA-US84851/US83148-SearchCustomer/TC60342-Verify Filters" status="PASSED">
         <system-out><![CDATA[2018-11-12 14:49:16 - [TEST_CASE][PASSED] - Test Cases/Customer/F11762-View Customer/QA-US84851/US83148-SearchCustomer/TC60342-Verify Filters: Test Cases/Customer/F11762-View Customer/QA-US84851/US83148-SearchCustomer/TC60342-Verify Filters

2018-11-12 14:49:16 - [TEST_STEP][PASSED] - Start listener action : beforeTestCaseExecute: Navigate to 'http://localhost:8080/home' successfully

2018-11-12 14:49:16 - [TEST_STEP][PASSED] - Statement - If (isTestSuitEnable == true): Navigate to 'http://localhost:8080/home' successfully

2018-11-12 14:49:16 - [TEST_STEP][PASSED] - navigateToUrl: Navigate to 'http://localhost:8080/home' successfully

2018-11-12 14:49:17 - [MESSAGE][PASSED] - Navigate to 'http://localhost:8080/home' successfully

2018-11-12 14:49:17 - [TEST_STEP][PASSED] - com.ge.tms.commonactions.CommonClickEvents.clickOnManageCustomers: com.ge.tms.commonactions.CommonClickEvents.clickOnManageCustomers is PASSED

2018-11-12 14:49:17 - [MESSAGE][PASSED] - Execute JavaScript 'document.querySelector('px-app-nav').shadowRoot.querySelector('#items > px-app-nav-group:nth-child(13) > px-app-nav-subitem:nth-child(2)').click()' successfully

2018-11-12 14:49:18 - [MESSAGE][PASSED] - Delayed 1 second(s)

2018-11-12 14:49:18 - [MESSAGE][PASSED] - com.ge.tms.commonactions.CommonClickEvents.clickOnManageCustomers is PASSED

2018-11-12 14:49:18 - [TEST_STEP][PASSED] - com.ge.tms.customer.CustomerVerification.verifyCustomerPageHeader: com.ge.tms.customer.CustomerVerification.verifyCustomerPageHeader is PASSED

2018-11-12 14:49:18 - [MESSAGE][PASSED] - Send request successfully

2018-11-12 14:49:18 - [MESSAGE][PASSED] - Send request successfully

2018-11-12 14:49:18 - [MESSAGE][PASSED] - Send request successfully

2018-11-12 14:49:18 - [MESSAGE][PASSED] - Send request successfully

2018-11-12 14:49:18 - [MESSAGE][PASSED] - Send request successfully

2018-11-12 14:49:18 - [MESSAGE][PASSED] - Send request successfully

2018-11-12 14:49:18 - [MESSAGE][PASSED] - Send request successfully

2018-11-12 14:49:18 - [MESSAGE][PASSED] - Send request successfully

2018-11-12 14:49:18 - [MESSAGE][PASSED] - Send request successfully

2018-11-12 14:49:18 - [MESSAGE][PASSED] - Text of object 'Object Repository/F11762-View Customer/QA-US83146/US84104-View Customer/View Customer/CustomerPageObject/h1_Manage Customers' is: 'Customer Management'

2018-11-12 14:49:18 - [MESSAGE][PASSED] - Actual object 'Customer Management' and expected object 'Customer Management' are equal

2018-11-12 14:49:18 - [MESSAGE][PASSED] - com.ge.tms.customer.CustomerVerification.verifyCustomerPageHeader is PASSED

2018-11-12 14:49:18 - [TEST_STEP][PASSED] - click: Object: 'Object Repository/F11762-View Customer/QA-US83146/US84104-View Customer/View Customer/CustomerPageObject/filters/filterIcon' is clicked on

2018-11-12 14:49:18 - [MESSAGE][PASSED] - Object: 'Object Repository/F11762-View Customer/QA-US83146/US84104-View Customer/View Customer/CustomerPageObject/filters/filterIcon' is clicked on

2018-11-12 14:49:18 - [TEST_STEP][PASSED] - click: Object: 'Object Repository/F11762-View Customer/QA-US83146/US84104-View Customer/View Customer/CustomerPageObject/filters/billingCheckBox' is clicked on

2018-11-12 14:49:18 - [MESSAGE][PASSED] - Object: 'Object Repository/F11762-View Customer/QA-US83146/US84104-View Customer/View Customer/CustomerPageObject/filters/billingCheckBox' is clicked on

2018-11-12 14:49:18 - [TEST_STEP][PASSED] - click: Object: 'Object Repository/F11762-View Customer/QA-US83146/US84104-View Customer/View Customer/CustomerPageObject/filters/applyFilter' is clicked on

2018-11-12 14:49:18 - [MESSAGE][PASSED] - Object: 'Object Repository/F11762-View Customer/QA-US83146/US84104-View Customer/View Customer/CustomerPageObject/filters/applyFilter' is clicked on

2018-11-12 14:49:18 - [TEST_STEP][PASSED] - com.ge.tms.customer.CustomerVerification.verifyCustomerFilter: com.ge.tms.customer.CustomerVerification.verifyCustomerFilter is PASSED

2018-11-12 14:49:18 - [MESSAGE][PASSED] - Send request successfully

2018-11-12 14:49:18 - [MESSAGE][PASSED] - Send request successfully

2018-11-12 14:49:18 - [MESSAGE][PASSED] - Send request successfully

2018-11-12 14:49:18 - [MESSAGE][PASSED] - Send request successfully

2018-11-12 14:49:18 - [MESSAGE][PASSED] - Send request successfully

2018-11-12 14:49:18 - [MESSAGE][PASSED] - Send request successfully

2018-11-12 14:49:18 - [MESSAGE][PASSED] - Send request successfully

2018-11-12 14:49:18 - [MESSAGE][PASSED] - Send request successfully

2018-11-12 14:49:18 - [MESSAGE][PASSED] - Send request successfully

2018-11-12 14:49:20 - [MESSAGE][PASSED] - Delayed 2 second(s)

2018-11-12 14:49:21 - [MESSAGE][PASSED] - Object: 'Object Repository/F11762-View Customer/QA-US83146/US84104-View Customer/View Customer/CustomerPageObject/div_Customer1' is clicked on

2018-11-12 14:49:21 - [MESSAGE][PASSED] - Text of object 'Object Repository/F11762-View Customer/QA-US83146/US84104-View Customer/View Customer/CustomerPageObject/CustTypeValue' is: 'Billing'

2018-11-12 14:49:21 - [MESSAGE][PASSED] - Actual object 'Billing' and expected object 'Billing' are equal

2018-11-12 14:49:21 - [MESSAGE][PASSED] - com.ge.tms.customer.CustomerVerification.verifyCustomerFilter is PASSED

2018-11-12 14:49:21 - [TEST_STEP][PASSED] - click: Object: 'Object Repository/F11762-View Customer/QA-US83146/US84104-View Customer/View Customer/CustomerPageObject/filters/filterIcon' is clicked on

2018-11-12 14:49:21 - [MESSAGE][PASSED] - Object: 'Object Repository/F11762-View Customer/QA-US83146/US84104-View Customer/View Customer/CustomerPageObject/filters/filterIcon' is clicked on

2018-11-12 14:49:21 - [TEST_STEP][PASSED] - click: Object: 'Object Repository/F11762-View Customer/QA-US83146/US84104-View Customer/View Customer/CustomerPageObject/filters/billingCheckBox' is clicked on

2018-11-12 14:49:21 - [MESSAGE][PASSED] - Object: 'Object Repository/F11762-View Customer/QA-US83146/US84104-View Customer/View Customer/CustomerPageObject/filters/billingCheckBox' is clicked on

2018-11-12 14:49:21 - [TEST_STEP][PASSED] - click: Object: 'Object Repository/F11762-View Customer/QA-US83146/US84104-View Customer/View Customer/CustomerPageObject/filters/inactive' is clicked on

2018-11-12 14:49:21 - [MESSAGE][PASSED] - Object: 'Object Repository/F11762-View Customer/QA-US83146/US84104-View Customer/View Customer/CustomerPageObject/filters/inactive' is clicked on

2018-11-12 14:49:21 - [TEST_STEP][PASSED] - click: Object: 'Object Repository/F11762-View Customer/QA-US83146/US84104-View Customer/View Customer/CustomerPageObject/filters/applyFilter' is clicked on

2018-11-12 14:49:21 - [MESSAGE][PASSED] - Object: 'Object Repository/F11762-View Customer/QA-US83146/US84104-View Customer/View Customer/CustomerPageObject/filters/applyFilter' is clicked on

2018-11-12 14:49:21 - [TEST_STEP][PASSED] - com.ge.tms.customer.CustomerVerification.verifyCustomerFilter: com.ge.tms.customer.CustomerVerification.verifyCustomerFilter is PASSED

2018-11-12 14:49:21 - [MESSAGE][PASSED] - Send request successfully

2018-11-12 14:49:21 - [MESSAGE][PASSED] - Send request successfully

2018-11-12 14:49:21 - [MESSAGE][PASSED] - Send request successfully

2018-11-12 14:49:21 - [MESSAGE][PASSED] - Send request successfully

2018-11-12 14:49:21 - [MESSAGE][PASSED] - Send request successfully

2018-11-12 14:49:21 - [MESSAGE][PASSED] - Send request successfully

2018-11-12 14:49:21 - [MESSAGE][PASSED] - Send request successfully

2018-11-12 14:49:21 - [MESSAGE][PASSED] - Send request successfully

2018-11-12 14:49:21 - [MESSAGE][PASSED] - Send request successfully

2018-11-12 14:49:23 - [MESSAGE][PASSED] - Delayed 2 second(s)

2018-11-12 14:49:23 - [MESSAGE][PASSED] - Object: 'Object Repository/F11762-View Customer/QA-US83146/US84104-View Customer/View Customer/CustomerPageObject/div_Customer1' is clicked on

2018-11-12 14:49:23 - [MESSAGE][PASSED] - Text of object 'Object Repository/F11762-View Customer/QA-US83146/US84104-View Customer/View Customer/CustomerPageObject/CustTypeValue' is: 'Inactive'

2018-11-12 14:49:23 - [MESSAGE][PASSED] - Actual object 'Inactive' and expected object 'Inactive' are equal

2018-11-12 14:49:23 - [MESSAGE][PASSED] - com.ge.tms.customer.CustomerVerification.verifyCustomerFilter is PASSED

2018-11-12 14:49:23 - [TEST_STEP][PASSED] - click: Object: 'Object Repository/F11762-View Customer/QA-US83146/US84104-View Customer/View Customer/CustomerPageObject/filters/filterIcon' is clicked on

2018-11-12 14:49:23 - [MESSAGE][PASSED] - Object: 'Object Repository/F11762-View Customer/QA-US83146/US84104-View Customer/View Customer/CustomerPageObject/filters/filterIcon' is clicked on

2018-11-12 14:49:23 - [TEST_STEP][PASSED] - click: Object: 'Object Repository/F11762-View Customer/QA-US83146/US84104-View Customer/View Customer/CustomerPageObject/filters/inactive' is clicked on

2018-11-12 14:49:23 - [MESSAGE][PASSED] - Object: 'Object Repository/F11762-View Customer/QA-US83146/US84104-View Customer/View Customer/CustomerPageObject/filters/inactive' is clicked on

2018-11-12 14:49:23 - [TEST_STEP][PASSED] - click: Object: 'Object Repository/F11762-View Customer/QA-US83146/US84104-View Customer/View Customer/CustomerPageObject/filters/transportationCheckbox' is clicked on

2018-11-12 14:49:23 - [MESSAGE][PASSED] - Object: 'Object Repository/F11762-View Customer/QA-US83146/US84104-View Customer/View Customer/CustomerPageObject/filters/transportationCheckbox' is clicked on

2018-11-12 14:49:23 - [TEST_STEP][PASSED] - click: Object: 'Object Repository/F11762-View Customer/QA-US83146/US84104-View Customer/View Customer/CustomerPageObject/filters/applyFilter' is clicked on

2018-11-12 14:49:23 - [MESSAGE][PASSED] - Object: 'Object Repository/F11762-View Customer/QA-US83146/US84104-View Customer/View Customer/CustomerPageObject/filters/applyFilter' is clicked on

2018-11-12 14:49:23 - [TEST_STEP][PASSED] - com.ge.tms.customer.CustomerVerification.verifyCustomerFilter: com.ge.tms.customer.CustomerVerification.verifyCustomerFilter is PASSED

2018-11-12 14:49:23 - [MESSAGE][PASSED] - Send request successfully

2018-11-12 14:49:23 - [MESSAGE][PASSED] - Send request successfully

2018-11-12 14:49:23 - [MESSAGE][PASSED] - Send request successfully

2018-11-12 14:49:23 - [MESSAGE][PASSED] - Send request successfully

2018-11-12 14:49:23 - [MESSAGE][PASSED] - Send request successfully

2018-11-12 14:49:23 - [MESSAGE][PASSED] - Send request successfully

2018-11-12 14:49:23 - [MESSAGE][PASSED] - Send request successfully

2018-11-12 14:49:23 - [MESSAGE][PASSED] - Send request successfully

2018-11-12 14:49:23 - [MESSAGE][PASSED] - Send request successfully

2018-11-12 14:49:25 - [MESSAGE][PASSED] - Delayed 2 second(s)

2018-11-12 14:49:25 - [MESSAGE][PASSED] - Object: 'Object Repository/F11762-View Customer/QA-US83146/US84104-View Customer/View Customer/CustomerPageObject/div_Customer1' is clicked on

2018-11-12 14:49:25 - [MESSAGE][PASSED] - Text of object 'Object Repository/F11762-View Customer/QA-US83146/US84104-View Customer/View Customer/CustomerPageObject/CustTypeValue' is: 'Transportation'

2018-11-12 14:49:25 - [MESSAGE][PASSED] - Actual object 'Transportation' and expected object 'Transportation' are equal

2018-11-12 14:49:25 - [MESSAGE][PASSED] - com.ge.tms.customer.CustomerVerification.verifyCustomerFilter is PASSED

2018-11-12 14:49:25 - [TEST_STEP][PASSED] - click: Object: 'Object Repository/F11762-View Customer/QA-US83146/US84104-View Customer/View Customer/CustomerPageObject/filters/filterIcon' is clicked on

2018-11-12 14:49:25 - [MESSAGE][PASSED] - Object: 'Object Repository/F11762-View Customer/QA-US83146/US84104-View Customer/View Customer/CustomerPageObject/filters/filterIcon' is clicked on

2018-11-12 14:49:25 - [TEST_STEP][PASSED] - click: Object: 'Object Repository/F11762-View Customer/QA-US83146/US84104-View Customer/View Customer/CustomerPageObject/filters/billingCheckBox' is clicked on

2018-11-12 14:49:25 - [MESSAGE][PASSED] - Object: 'Object Repository/F11762-View Customer/QA-US83146/US84104-View Customer/View Customer/CustomerPageObject/filters/billingCheckBox' is clicked on

2018-11-12 14:49:25 - [TEST_STEP][PASSED] - click: Object: 'Object Repository/F11762-View Customer/QA-US83146/US84104-View Customer/View Customer/CustomerPageObject/filters/inactive' is clicked on

2018-11-12 14:49:26 - [MESSAGE][PASSED] - Object: 'Object Repository/F11762-View Customer/QA-US83146/US84104-View Customer/View Customer/CustomerPageObject/filters/inactive' is clicked on

2018-11-12 14:49:26 - [TEST_STEP][PASSED] - click: Object: 'Object Repository/F11762-View Customer/QA-US83146/US84104-View Customer/View Customer/CustomerPageObject/filters/transportationCheckbox' is clicked on

2018-11-12 14:49:26 - [MESSAGE][PASSED] - Object: 'Object Repository/F11762-View Customer/QA-US83146/US84104-View Customer/View Customer/CustomerPageObject/filters/transportationCheckbox' is clicked on

2018-11-12 14:49:26 - [TEST_STEP][PASSED] - click: Object: 'Object Repository/F11762-View Customer/QA-US83146/US84104-View Customer/View Customer/CustomerPageObject/filters/applyFilter' is clicked on

2018-11-12 14:49:26 - [MESSAGE][PASSED] - Object: 'Object Repository/F11762-View Customer/QA-US83146/US84104-View Customer/View Customer/CustomerPageObject/filters/applyFilter' is clicked on

2018-11-12 14:49:26 - [TEST_STEP][PASSED] - com.ge.tms.customer.CustomerVerification.verifyCustomerFilter: com.ge.tms.customer.CustomerVerification.verifyCustomerFilter is PASSED

2018-11-12 14:49:26 - [MESSAGE][PASSED] - Send request successfully

2018-11-12 14:49:26 - [MESSAGE][PASSED] - Send request successfully

2018-11-12 14:49:26 - [MESSAGE][PASSED] - Send request successfully

2018-11-12 14:49:26 - [MESSAGE][PASSED] - Send request successfully

2018-11-12 14:49:26 - [MESSAGE][PASSED] - Send request successfully

2018-11-12 14:49:26 - [MESSAGE][PASSED] - Send request successfully

2018-11-12 14:49:26 - [MESSAGE][PASSED] - Send request successfully

2018-11-12 14:49:26 - [MESSAGE][PASSED] - Send request successfully

2018-11-12 14:49:26 - [MESSAGE][PASSED] - Send request successfully

2018-11-12 14:49:28 - [MESSAGE][PASSED] - Delayed 2 second(s)

2018-11-12 14:49:28 - [MESSAGE][PASSED] - Object: 'Object Repository/F11762-View Customer/QA-US83146/US84104-View Customer/View Customer/CustomerPageObject/div_Customer1' is clicked on

2018-11-12 14:49:28 - [MESSAGE][PASSED] - Text of object 'Object Repository/F11762-View Customer/QA-US83146/US84104-View Customer/View Customer/CustomerPageObject/CustTypeValue' is: 'Billing'

2018-11-12 14:49:28 - [MESSAGE][PASSED] - Actual object 'true' and expected object 'true' are equal

2018-11-12 14:49:28 - [MESSAGE][PASSED] - com.ge.tms.customer.CustomerVerification.verifyCustomerFilter is PASSED

2018-11-12 14:49:28 - [TEST_STEP][PASSED] - click: Object: 'Object Repository/F11762-View Customer/QA-US83146/US84104-View Customer/View Customer/CustomerPageObject/filters/filterIcon' is clicked on

2018-11-12 14:49:28 - [MESSAGE][PASSED] - Object: 'Object Repository/F11762-View Customer/QA-US83146/US84104-View Customer/View Customer/CustomerPageObject/filters/filterIcon' is clicked on

2018-11-12 14:49:28 - [TEST_STEP][PASSED] - click: Object: 'Object Repository/F11762-View Customer/QA-US83146/US84104-View Customer/View Customer/CustomerPageObject/filters/clearBtn' is clicked on

2018-11-12 14:49:28 - [MESSAGE][PASSED] - Object: 'Object Repository/F11762-View Customer/QA-US83146/US84104-View Customer/View Customer/CustomerPageObject/filters/clearBtn' is clicked on

2018-11-12 14:49:28 - [TEST_STEP][PASSED] - com.ge.tms.customer.CustomerVerification.verifyClearFilters: com.ge.tms.customer.CustomerVerification.verifyClearFilters is PASSED

2018-11-12 14:49:28 - [MESSAGE][PASSED] - Send request successfully

2018-11-12 14:49:28 - [MESSAGE][PASSED] - Send request successfully

2018-11-12 14:49:28 - [MESSAGE][PASSED] - Send request successfully

2018-11-12 14:49:28 - [MESSAGE][PASSED] - Send request successfully

2018-11-12 14:49:28 - [MESSAGE][PASSED] - Send request successfully

2018-11-12 14:49:28 - [MESSAGE][PASSED] - Send request successfully

2018-11-12 14:49:28 - [MESSAGE][PASSED] - Send request successfully

2018-11-12 14:49:28 - [MESSAGE][PASSED] - Send request successfully

2018-11-12 14:49:28 - [MESSAGE][PASSED] - Send request successfully

2018-11-12 14:49:28 - [MESSAGE][PASSED] - Actual object '0' and expected object '0' are equal

2018-11-12 14:49:28 - [MESSAGE][PASSED] - com.ge.tms.customer.CustomerVerification.verifyClearFilters is PASSED

2018-11-12 14:49:28 - [TEST_STEP][PASSED] - Start listener action : closeBrowserForTestCasse: Navigate to 'http://localhost:8080/home' successfully

2018-11-12 14:49:28 - [TEST_STEP][PASSED] - Statement - If (isTestSuitEnable == true): null

2018-11-12 14:49:28 - [TEST_STEP][PASSED] - Statement - beforeTestCaseExecute(): null

2018-11-12 14:49:28 - [TEST_STEP][PASSED] - Statement - If (isTestSuitEnable == true): Navigate to 'http://localhost:8080/home' successfully

2018-11-12 14:49:28 - [TEST_STEP][PASSED] - navigateToUrl: Navigate to 'http://localhost:8080/home' successfully

2018-11-12 14:49:29 - [MESSAGE][PASSED] - Navigate to 'http://localhost:8080/home' successfully

2018-11-12 14:49:29 - [TEST_STEP][PASSED] - Start listener action : afterTestCase: Invoke 'com.kms.katalon.core.annotation.AfterTestCase' method: 'TmsTestListner.afterTestCase(...)' completed.

2018-11-12 14:49:29 - [TEST_STEP][PASSED] - Statement - If (java.lang.System.getProperties().containsKey("updateRally")): Invoke 'com.kms.katalon.core.annotation.AfterTestCase' method: 'TmsTestListner.afterTestCase(...)' completed.]]></system-out>
         <system-err><![CDATA[]]></system-err>
      </testcase>
      <testcase name="Test Cases/Customer/F11762-View Customer/QA-US84851/US84857-NegativeSearch/TC60122-CustomerSearchInvalid-Negative" classname="Test Cases/Customer/F11762-View Customer/QA-US84851/US84857-NegativeSearch/TC60122-CustomerSearchInvalid-Negative" status="PASSED">
         <system-out><![CDATA[2018-11-12 14:49:29 - [TEST_CASE][PASSED] - Test Cases/Customer/F11762-View Customer/QA-US84851/US84857-NegativeSearch/TC60122-CustomerSearchInvalid-Negative: Test Cases/Customer/F11762-View Customer/QA-US84851/US84857-NegativeSearch/TC60122-CustomerSearchInvalid-Negative

2018-11-12 14:49:29 - [TEST_STEP][PASSED] - Start listener action : beforeTestCaseExecute: Navigate to 'http://localhost:8080/home' successfully

2018-11-12 14:49:29 - [TEST_STEP][PASSED] - Statement - If (isTestSuitEnable == true): Navigate to 'http://localhost:8080/home' successfully

2018-11-12 14:49:29 - [TEST_STEP][PASSED] - navigateToUrl: Navigate to 'http://localhost:8080/home' successfully

2018-11-12 14:49:30 - [MESSAGE][PASSED] - Navigate to 'http://localhost:8080/home' successfully

2018-11-12 14:49:30 - [TEST_STEP][PASSED] - com.ge.tms.commonactions.CommonClickEvents.clickOnManageCustomers: com.ge.tms.commonactions.CommonClickEvents.clickOnManageCustomers is PASSED

2018-11-12 14:49:30 - [MESSAGE][PASSED] - Execute JavaScript 'document.querySelector('px-app-nav').shadowRoot.querySelector('#items > px-app-nav-group:nth-child(13) > px-app-nav-subitem:nth-child(2)').click()' successfully

2018-11-12 14:49:31 - [MESSAGE][PASSED] - Delayed 1 second(s)

2018-11-12 14:49:31 - [MESSAGE][PASSED] - com.ge.tms.commonactions.CommonClickEvents.clickOnManageCustomers is PASSED

2018-11-12 14:49:31 - [TEST_STEP][PASSED] - com.ge.tms.customer.CustomerVerification.verifyCustomerPageHeader: com.ge.tms.customer.CustomerVerification.verifyCustomerPageHeader is PASSED

2018-11-12 14:49:31 - [MESSAGE][PASSED] - Send request successfully

2018-11-12 14:49:31 - [MESSAGE][PASSED] - Send request successfully

2018-11-12 14:49:31 - [MESSAGE][PASSED] - Send request successfully

2018-11-12 14:49:31 - [MESSAGE][PASSED] - Send request successfully

2018-11-12 14:49:31 - [MESSAGE][PASSED] - Send request successfully

2018-11-12 14:49:31 - [MESSAGE][PASSED] - Send request successfully

2018-11-12 14:49:31 - [MESSAGE][PASSED] - Send request successfully

2018-11-12 14:49:31 - [MESSAGE][PASSED] - Send request successfully

2018-11-12 14:49:31 - [MESSAGE][PASSED] - Send request successfully

2018-11-12 14:49:31 - [MESSAGE][PASSED] - Text of object 'Object Repository/F11762-View Customer/QA-US83146/US84104-View Customer/View Customer/CustomerPageObject/h1_Manage Customers' is: 'Customer Management'

2018-11-12 14:49:31 - [MESSAGE][PASSED] - Actual object 'Customer Management' and expected object 'Customer Management' are equal

2018-11-12 14:49:31 - [MESSAGE][PASSED] - com.ge.tms.customer.CustomerVerification.verifyCustomerPageHeader is PASSED

2018-11-12 14:49:31 - [TEST_STEP][PASSED] - Statement - searchTextCustIdArr = SEARCH_TEXT_NEGATIVE: null

2018-11-12 14:49:31 - [TEST_STEP][PASSED] - Statement - For ([i = 0, i < length, (i++)]): Actual object 'No customers available' and expected object 'No customers available' are equal

2018-11-12 14:49:31 - [TEST_STEP][PASSED] - setText: Text '1ABC100Z' is set on object 'Object Repository/F11762-View Customer/QA-US84851/US83148-SearchCustomer/SearchCustomer/SearchSortCustomerPageObjects/searchBox'

2018-11-12 14:49:31 - [MESSAGE][PASSED] - Text '1ABC100Z' is set on object 'Object Repository/F11762-View Customer/QA-US84851/US83148-SearchCustomer/SearchCustomer/SearchSortCustomerPageObjects/searchBox'

2018-11-12 14:49:31 - [TEST_STEP][PASSED] - Statement - textDisplayed = com.kms.katalon.core.webui.keyword.WebUiBuiltInKeywords.getText(com.kms.katalon.core.testobject.ObjectRepository.findTestObject(Object Repository/F11762-View Customer/QA-US84851/US83148-SearchCustomer/SearchCustomer/SearchSortCustomerPageObjects/NoDataFoundSection)): Text of object 'Object Repository/F11762-View Customer/QA-US84851/US83148-SearchCustomer/SearchCustomer/SearchSortCustomerPageObjects/NoDataFoundSection' is: 'No customers available'

2018-11-12 14:49:32 - [MESSAGE][PASSED] - Text of object 'Object Repository/F11762-View Customer/QA-US84851/US83148-SearchCustomer/SearchCustomer/SearchSortCustomerPageObjects/NoDataFoundSection' is: 'No customers available'

2018-11-12 14:49:32 - [TEST_STEP][PASSED] - Statement - If (textDisplayed.equals(NO_CUSTOMER_FOUND)): Actual object 'No customers available' and expected object 'No customers available' are equal

2018-11-12 14:49:32 - [TEST_STEP][PASSED] - verifyEqual: Actual object 'No customers available' and expected object 'No customers available' are equal

2018-11-12 14:49:32 - [MESSAGE][PASSED] - Actual object 'No customers available' and expected object 'No customers available' are equal

2018-11-12 14:49:32 - [TEST_STEP][PASSED] - setText: Text '$%^^&19HAa' is set on object 'Object Repository/F11762-View Customer/QA-US84851/US83148-SearchCustomer/SearchCustomer/SearchSortCustomerPageObjects/searchBox'

2018-11-12 14:49:32 - [MESSAGE][PASSED] - Text '$%^^&19HAa' is set on object 'Object Repository/F11762-View Customer/QA-US84851/US83148-SearchCustomer/SearchCustomer/SearchSortCustomerPageObjects/searchBox'

2018-11-12 14:49:32 - [TEST_STEP][PASSED] - Statement - textDisplayed = com.kms.katalon.core.webui.keyword.WebUiBuiltInKeywords.getText(com.kms.katalon.core.testobject.ObjectRepository.findTestObject(Object Repository/F11762-View Customer/QA-US84851/US83148-SearchCustomer/SearchCustomer/SearchSortCustomerPageObjects/NoDataFoundSection)): Text of object 'Object Repository/F11762-View Customer/QA-US84851/US83148-SearchCustomer/SearchCustomer/SearchSortCustomerPageObjects/NoDataFoundSection' is: 'No customers available'

2018-11-12 14:49:32 - [MESSAGE][PASSED] - Text of object 'Object Repository/F11762-View Customer/QA-US84851/US83148-SearchCustomer/SearchCustomer/SearchSortCustomerPageObjects/NoDataFoundSection' is: 'No customers available'

2018-11-12 14:49:32 - [TEST_STEP][PASSED] - Statement - If (textDisplayed.equals(NO_CUSTOMER_FOUND)): Actual object 'No customers available' and expected object 'No customers available' are equal

2018-11-12 14:49:32 - [TEST_STEP][PASSED] - verifyEqual: Actual object 'No customers available' and expected object 'No customers available' are equal

2018-11-12 14:49:32 - [MESSAGE][PASSED] - Actual object 'No customers available' and expected object 'No customers available' are equal

2018-11-12 14:49:32 - [TEST_STEP][PASSED] - setText: Text 'kdhk119' is set on object 'Object Repository/F11762-View Customer/QA-US84851/US83148-SearchCustomer/SearchCustomer/SearchSortCustomerPageObjects/searchBox'

2018-11-12 14:49:32 - [MESSAGE][PASSED] - Text 'kdhk119' is set on object 'Object Repository/F11762-View Customer/QA-US84851/US83148-SearchCustomer/SearchCustomer/SearchSortCustomerPageObjects/searchBox'

2018-11-12 14:49:32 - [TEST_STEP][PASSED] - Statement - textDisplayed = com.kms.katalon.core.webui.keyword.WebUiBuiltInKeywords.getText(com.kms.katalon.core.testobject.ObjectRepository.findTestObject(Object Repository/F11762-View Customer/QA-US84851/US83148-SearchCustomer/SearchCustomer/SearchSortCustomerPageObjects/NoDataFoundSection)): Text of object 'Object Repository/F11762-View Customer/QA-US84851/US83148-SearchCustomer/SearchCustomer/SearchSortCustomerPageObjects/NoDataFoundSection' is: 'No customers available'

2018-11-12 14:49:32 - [MESSAGE][PASSED] - Text of object 'Object Repository/F11762-View Customer/QA-US84851/US83148-SearchCustomer/SearchCustomer/SearchSortCustomerPageObjects/NoDataFoundSection' is: 'No customers available'

2018-11-12 14:49:32 - [TEST_STEP][PASSED] - Statement - If (textDisplayed.equals(NO_CUSTOMER_FOUND)): Actual object 'No customers available' and expected object 'No customers available' are equal

2018-11-12 14:49:32 - [TEST_STEP][PASSED] - verifyEqual: Actual object 'No customers available' and expected object 'No customers available' are equal

2018-11-12 14:49:32 - [MESSAGE][PASSED] - Actual object 'No customers available' and expected object 'No customers available' are equal

2018-11-12 14:49:32 - [TEST_STEP][PASSED] - clearText: Text of object 'Object Repository/F11762-View Customer/QA-US84851/US83148-SearchCustomer/SearchCustomer/SearchSortCustomerPageObjects/searchBox' is cleared

2018-11-12 14:49:32 - [MESSAGE][PASSED] - Text of object 'Object Repository/F11762-View Customer/QA-US84851/US83148-SearchCustomer/SearchCustomer/SearchSortCustomerPageObjects/searchBox' is cleared

2018-11-12 14:49:32 - [TEST_STEP][PASSED] - delay: Delayed 3 second(s)

2018-11-12 14:49:35 - [MESSAGE][PASSED] - Delayed 3 second(s)

2018-11-12 14:49:35 - [TEST_STEP][PASSED] - Statement - searchTextAddressKeyArr = ["1ABC100Z", "$%^^&19HAa", "kdhk119"]: null

2018-11-12 14:49:35 - [TEST_STEP][PASSED] - Statement - For ([i = 0, i < length, (i++)]): Actual object 'No customers available' and expected object 'No customers available' are equal

2018-11-12 14:49:35 - [TEST_STEP][PASSED] - setText: Text '1ABC100Z' is set on object 'Object Repository/F11762-View Customer/QA-US84851/US83148-SearchCustomer/SearchCustomer/SearchSortCustomerPageObjects/searchBox'

2018-11-12 14:49:35 - [MESSAGE][PASSED] - Text '1ABC100Z' is set on object 'Object Repository/F11762-View Customer/QA-US84851/US83148-SearchCustomer/SearchCustomer/SearchSortCustomerPageObjects/searchBox'

2018-11-12 14:49:35 - [TEST_STEP][PASSED] - Statement - textDisplayed = com.kms.katalon.core.webui.keyword.WebUiBuiltInKeywords.getText(com.kms.katalon.core.testobject.ObjectRepository.findTestObject(Object Repository/F11762-View Customer/QA-US84851/US83148-SearchCustomer/SearchCustomer/SearchSortCustomerPageObjects/NoDataFoundSection)): Text of object 'Object Repository/F11762-View Customer/QA-US84851/US83148-SearchCustomer/SearchCustomer/SearchSortCustomerPageObjects/NoDataFoundSection' is: 'No customers available'

2018-11-12 14:49:35 - [MESSAGE][PASSED] - Text of object 'Object Repository/F11762-View Customer/QA-US84851/US83148-SearchCustomer/SearchCustomer/SearchSortCustomerPageObjects/NoDataFoundSection' is: 'No customers available'

2018-11-12 14:49:35 - [TEST_STEP][PASSED] - verifyEqual: Actual object 'No customers available' and expected object 'No customers available' are equal

2018-11-12 14:49:35 - [MESSAGE][PASSED] - Actual object 'No customers available' and expected object 'No customers available' are equal

2018-11-12 14:49:35 - [TEST_STEP][PASSED] - setText: Text '$%^^&19HAa' is set on object 'Object Repository/F11762-View Customer/QA-US84851/US83148-SearchCustomer/SearchCustomer/SearchSortCustomerPageObjects/searchBox'

2018-11-12 14:49:36 - [MESSAGE][PASSED] - Text '$%^^&19HAa' is set on object 'Object Repository/F11762-View Customer/QA-US84851/US83148-SearchCustomer/SearchCustomer/SearchSortCustomerPageObjects/searchBox'

2018-11-12 14:49:36 - [TEST_STEP][PASSED] - Statement - textDisplayed = com.kms.katalon.core.webui.keyword.WebUiBuiltInKeywords.getText(com.kms.katalon.core.testobject.ObjectRepository.findTestObject(Object Repository/F11762-View Customer/QA-US84851/US83148-SearchCustomer/SearchCustomer/SearchSortCustomerPageObjects/NoDataFoundSection)): Text of object 'Object Repository/F11762-View Customer/QA-US84851/US83148-SearchCustomer/SearchCustomer/SearchSortCustomerPageObjects/NoDataFoundSection' is: 'No customers available'

2018-11-12 14:49:36 - [MESSAGE][PASSED] - Text of object 'Object Repository/F11762-View Customer/QA-US84851/US83148-SearchCustomer/SearchCustomer/SearchSortCustomerPageObjects/NoDataFoundSection' is: 'No customers available'

2018-11-12 14:49:36 - [TEST_STEP][PASSED] - verifyEqual: Actual object 'No customers available' and expected object 'No customers available' are equal

2018-11-12 14:49:36 - [MESSAGE][PASSED] - Actual object 'No customers available' and expected object 'No customers available' are equal

2018-11-12 14:49:36 - [TEST_STEP][PASSED] - setText: Text 'kdhk119' is set on object 'Object Repository/F11762-View Customer/QA-US84851/US83148-SearchCustomer/SearchCustomer/SearchSortCustomerPageObjects/searchBox'

2018-11-12 14:49:36 - [MESSAGE][PASSED] - Text 'kdhk119' is set on object 'Object Repository/F11762-View Customer/QA-US84851/US83148-SearchCustomer/SearchCustomer/SearchSortCustomerPageObjects/searchBox'

2018-11-12 14:49:36 - [TEST_STEP][PASSED] - Statement - textDisplayed = com.kms.katalon.core.webui.keyword.WebUiBuiltInKeywords.getText(com.kms.katalon.core.testobject.ObjectRepository.findTestObject(Object Repository/F11762-View Customer/QA-US84851/US83148-SearchCustomer/SearchCustomer/SearchSortCustomerPageObjects/NoDataFoundSection)): Text of object 'Object Repository/F11762-View Customer/QA-US84851/US83148-SearchCustomer/SearchCustomer/SearchSortCustomerPageObjects/NoDataFoundSection' is: 'No customers available'

2018-11-12 14:49:36 - [MESSAGE][PASSED] - Text of object 'Object Repository/F11762-View Customer/QA-US84851/US83148-SearchCustomer/SearchCustomer/SearchSortCustomerPageObjects/NoDataFoundSection' is: 'No customers available'

2018-11-12 14:49:36 - [TEST_STEP][PASSED] - verifyEqual: Actual object 'No customers available' and expected object 'No customers available' are equal

2018-11-12 14:49:36 - [MESSAGE][PASSED] - Actual object 'No customers available' and expected object 'No customers available' are equal

2018-11-12 14:49:36 - [TEST_STEP][PASSED] - Start listener action : closeBrowserForTestCasse: Navigate to 'http://localhost:8080/home' successfully

2018-11-12 14:49:36 - [TEST_STEP][PASSED] - Statement - If (isTestSuitEnable == true): null

2018-11-12 14:49:36 - [TEST_STEP][PASSED] - Statement - beforeTestCaseExecute(): null

2018-11-12 14:49:36 - [TEST_STEP][PASSED] - Statement - If (isTestSuitEnable == true): Navigate to 'http://localhost:8080/home' successfully

2018-11-12 14:49:36 - [TEST_STEP][PASSED] - navigateToUrl: Navigate to 'http://localhost:8080/home' successfully

2018-11-12 14:49:37 - [MESSAGE][PASSED] - Navigate to 'http://localhost:8080/home' successfully

2018-11-12 14:49:37 - [TEST_STEP][PASSED] - Start listener action : afterTestCase: Invoke 'com.kms.katalon.core.annotation.AfterTestCase' method: 'TmsTestListner.afterTestCase(...)' completed.

2018-11-12 14:49:37 - [TEST_STEP][PASSED] - Statement - If (java.lang.System.getProperties().containsKey("updateRally")): Invoke 'com.kms.katalon.core.annotation.AfterTestCase' method: 'TmsTestListner.afterTestCase(...)' completed.]]></system-out>
[...]

2018-11-12 14:50:18 - [MESSAGE][PASSED] - Send request successfully

2018-11-12 14:50:18 - [MESSAGE][PASSED] - Send request successfully

2018-11-12 14:50:18 - [MESSAGE][PASSED] - Send request successfully

2018-11-12 14:50:18 - [MESSAGE][PASSED] - Send request successfully

2018-11-12 14:50:18 - [MESSAGE][PASSED] - Send request successfully

2018-11-12 14:50:18 - [MESSAGE][PASSED] - Send request successfully

2018-11-12 14:50:18 - [MESSAGE][PASSED] - Send request successfully

2018-11-12 14:50:18 - [MESSAGE][PASSED] - Send request successfully

2018-11-12 14:50:18 - [MESSAGE][PASSED] - Send request successfully

2018-11-12 14:50:18 - [MESSAGE][PASSED] - Actual object 'true' and expected object 'true' are equal

2018-11-12 14:50:18 - [MESSAGE][PASSED] - com.ge.tms.customer.CustomerVerification.verifyCustomerIDSort is PASSED

2018-11-12 14:50:18 - [TEST_STEP][PASSED] - executeJavaScript: Execute JavaScript 'return document.querySelectorAll("#root px-dropdown")[0].shadowRoot.querySelector("#content").shadowRoot.querySelector("#selector > div:nth-child(3) > span").click()' successfully

2018-11-12 14:50:18 - [MESSAGE][PASSED] - Execute JavaScript 'return document.querySelectorAll("#root px-dropdown")[0].shadowRoot.querySelector("#content").shadowRoot.querySelector("#selector > div:nth-child(3) > span").click()' successfully

2018-11-12 14:50:18 - [TEST_STEP][PASSED] - com.ge.tms.customer.CustomerVerification.verifyAddressKeySort: com.ge.tms.customer.CustomerVerification.verifyAddressKeySort is PASSED

2018-11-12 14:50:18 - [MESSAGE][PASSED] - Send request successfully

2018-11-12 14:50:18 - [MESSAGE][PASSED] - Send request successfully

2018-11-12 14:50:18 - [MESSAGE][PASSED] - Send request successfully

2018-11-12 14:50:18 - [MESSAGE][PASSED] - Send request successfully

2018-11-12 14:50:18 - [MESSAGE][PASSED] - Send request successfully

2018-11-12 14:50:18 - [MESSAGE][PASSED] - Send request successfully

2018-11-12 14:50:18 - [MESSAGE][PASSED] - Send request successfully

2018-11-12 14:50:18 - [MESSAGE][PASSED] - Send request successfully

2018-11-12 14:50:18 - [MESSAGE][PASSED] - Send request successfully

2018-11-12 14:50:18 - [MESSAGE][PASSED] - Actual object 'true' and expected object 'true' are equal

2018-11-12 14:50:18 - [MESSAGE][PASSED] - com.ge.tms.customer.CustomerVerification.verifyAddressKeySort is PASSED

2018-11-12 14:50:18 - [TEST_STEP][PASSED] - executeJavaScript: Execute JavaScript 'return document.querySelectorAll("px-icon")[2].shadowRoot.querySelector("iron-icon").click()' successfully

2018-11-12 14:50:18 - [MESSAGE][PASSED] - Execute JavaScript 'return document.querySelectorAll("px-icon")[2].shadowRoot.querySelector("iron-icon").click()' successfully

2018-11-12 14:50:18 - [TEST_STEP][PASSED] - executeJavaScript: Execute JavaScript 'return document.querySelectorAll("px-icon")[2].shadowRoot.querySelector("iron-icon").click()' successfully

2018-11-12 14:50:18 - [MESSAGE][PASSED] - Execute JavaScript 'return document.querySelectorAll("px-icon")[2].shadowRoot.querySelector("iron-icon").click()' successfully

2018-11-12 14:50:18 - [TEST_STEP][PASSED] - com.ge.tms.customer.CustomerVerification.verifyAddressKeySort: com.ge.tms.customer.CustomerVerification.verifyAddressKeySort is PASSED

2018-11-12 14:50:18 - [MESSAGE][PASSED] - Send request successfully

2018-11-12 14:50:18 - [MESSAGE][PASSED] - Send request successfully

2018-11-12 14:50:18 - [MESSAGE][PASSED] - Send request successfully

2018-11-12 14:50:18 - [MESSAGE][PASSED] - Send request successfully

2018-11-12 14:50:18 - [MESSAGE][PASSED] - Send request successfully

2018-11-12 14:50:18 - [MESSAGE][PASSED] - Send request successfully

2018-11-12 14:50:18 - [MESSAGE][PASSED] - Send request successfully

2018-11-12 14:50:18 - [MESSAGE][PASSED] - Send request successfully

2018-11-12 14:50:18 - [MESSAGE][PASSED] - Send request successfully

2018-11-12 14:50:18 - [MESSAGE][PASSED] - Actual object 'true' and expected object 'true' are equal

2018-11-12 14:50:18 - [MESSAGE][PASSED] - com.ge.tms.customer.CustomerVerification.verifyAddressKeySort is PASSED

2018-11-12 14:50:18 - [TEST_STEP][PASSED] - executeJavaScript: Execute JavaScript 'return document.querySelectorAll("#root px-dropdown")[0].shadowRoot.querySelector("#content").shadowRoot.querySelector("#selector > div:nth-child(4) > span").click()' successfully

2018-11-12 14:50:18 - [MESSAGE][PASSED] - Execute JavaScript 'return document.querySelectorAll("#root px-dropdown")[0].shadowRoot.querySelector("#content").shadowRoot.querySelector("#selector > div:nth-child(4) > span").click()' successfully

2018-11-12 14:50:18 - [TEST_STEP][PASSED] - com.ge.tms.customer.CustomerVerification.verifyModifiedDateSort: com.ge.tms.customer.CustomerVerification.verifyModifiedDateSort is PASSED

2018-11-12 14:50:18 - [MESSAGE][PASSED] - Send request successfully

2018-11-12 14:50:18 - [MESSAGE][PASSED] - Send request successfully

2018-11-12 14:50:18 - [MESSAGE][PASSED] - Send request successfully

2018-11-12 14:50:18 - [MESSAGE][PASSED] - Send request successfully

2018-11-12 14:50:18 - [MESSAGE][PASSED] - Send request successfully

2018-11-12 14:50:18 - [MESSAGE][PASSED] - Send request successfully

2018-11-12 14:50:18 - [MESSAGE][PASSED] - Send request successfully

2018-11-12 14:50:18 - [MESSAGE][PASSED] - Send request successfully

2018-11-12 14:50:18 - [MESSAGE][PASSED] - Send request successfully

2018-11-12 14:50:18 - [MESSAGE][PASSED] - Actual object 'true' and expected object 'true' are equal

2018-11-12 14:50:18 - [MESSAGE][PASSED] - com.ge.tms.customer.CustomerVerification.verifyModifiedDateSort is PASSED

2018-11-12 14:50:18 - [TEST_STEP][PASSED] - executeJavaScript: Execute JavaScript 'return document.querySelectorAll("px-icon")[2].shadowRoot.querySelector("iron-icon").click()' successfully

2018-11-12 14:50:18 - [MESSAGE][PASSED] - Execute JavaScript 'return document.querySelectorAll("px-icon")[2].shadowRoot.querySelector("iron-icon").click()' successfully

2018-11-12 14:50:18 - [TEST_STEP][PASSED] - executeJavaScript: Execute JavaScript 'return document.querySelectorAll("px-icon")[2].shadowRoot.querySelector("iron-icon").click()' successfully

2018-11-12 14:50:18 - [MESSAGE][PASSED] - Execute JavaScript 'return document.querySelectorAll("px-icon")[2].shadowRoot.querySelector("iron-icon").click()' successfully

2018-11-12 14:50:18 - [TEST_STEP][PASSED] - com.ge.tms.customer.CustomerVerification.verifyModifiedDateSort: com.ge.tms.customer.CustomerVerification.verifyModifiedDateSort is PASSED

2018-11-12 14:50:18 - [MESSAGE][PASSED] - Send request successfully

2018-11-12 14:50:18 - [MESSAGE][PASSED] - Send request successfully

2018-11-12 14:50:18 - [MESSAGE][PASSED] - Send request successfully

2018-11-12 14:50:19 - [MESSAGE][PASSED] - Send request successfully

2018-11-12 14:50:19 - [MESSAGE][PASSED] - Send request successfully

2018-11-12 14:50:19 - [MESSAGE][PASSED] - Send request successfully

2018-11-12 14:50:19 - [MESSAGE][PASSED] - Send request successfully

2018-11-12 14:50:19 - [MESSAGE][PASSED] - Send request successfully

2018-11-12 14:50:19 - [MESSAGE][PASSED] - Send request successfully

2018-11-12 14:50:19 - [MESSAGE][PASSED] - Actual object 'true' and expected object 'true' are equal

2018-11-12 14:50:19 - [MESSAGE][PASSED] - com.ge.tms.customer.CustomerVerification.verifyModifiedDateSort is PASSED

2018-11-12 14:50:19 - [TEST_STEP][PASSED] - Start listener action : closeBrowserForTestCasse: Navigate to 'http://localhost:8080/home' successfully

2018-11-12 14:50:19 - [TEST_STEP][PASSED] - Statement - If (isTestSuitEnable == true): null

2018-11-12 14:50:19 - [TEST_STEP][PASSED] - Statement - beforeTestCaseExecute(): null

2018-11-12 14:50:19 - [TEST_STEP][PASSED] - Statement - If (isTestSuitEnable == true): Navigate to 'http://localhost:8080/home' successfully

2018-11-12 14:50:19 - [TEST_STEP][PASSED] - navigateToUrl: Navigate to 'http://localhost:8080/home' successfully

2018-11-12 14:50:19 - [MESSAGE][PASSED] - Navigate to 'http://localhost:8080/home' successfully

2018-11-12 14:50:19 - [TEST_STEP][PASSED] - Start listener action : afterTestCase: Invoke 'com.kms.katalon.core.annotation.AfterTestCase' method: 'TmsTestListner.afterTestCase(...)' completed.

2018-11-12 14:50:19 - [TEST_STEP][PASSED] - Statement - If (java.lang.System.getProperties().containsKey("updateRally")): Invoke 'com.kms.katalon.core.annotation.AfterTestCase' method: 'TmsTestListner.afterTestCase(...)' completed.]]></system-out>
         <system-err><![CDATA[]]></system-err>
      </testcase>
      <system-out><![CDATA[2018-11-12 14:48:36 - [TEST_SUITE][FAILED] - Manage Customer Test Suite: Test Cases/Customer/F11762-View Customer/QA-US83146/US84104-View Customer/TC59502-Verify Customer Page FAILED because (of) (Stack trace: com.kms.katalon.core.exception.StepFailedException: Unable to verify equal between actual object 'Z5HSLIL - null' and expected object 'Z5HSLIL' (Root cause: Actual object 'Z5HSLIL - null' and expected object 'Z5HSLIL' are not equal)
	at com.kms.katalon.core.keyword.internal.KeywordMain.stepFailed(KeywordMain.groovy:36)
	at com.kms.katalon.core.keyword.internal.KeywordMain.stepFailed(KeywordMain.groovy)
	at com.kms.katalon.core.keyword.internal.KeywordMain.runKeyword(KeywordMain.groovy:56)
	at com.kms.katalon.core.keyword.builtin.VerifyEqualKeyword.verifyEqual(VerifyEqualKeyword.groovy:64)
	at com.kms.katalon.core.keyword.builtin.VerifyEqualKeyword.execute(VerifyEqualKeyword.groovy:45)
	at com.kms.katalon.core.keyword.internal.KeywordExecutor.executeKeywordForPlatform(KeywordExecutor.groovy:53)
	at com.kms.katalon.core.keyword.BuiltinKeywords.verifyEqual(BuiltinKeywords.groovy:141)
	at sun.reflect.GeneratedMethodAccessor3.invoke(Unknown Source)
	at sun.reflect.DelegatingMethodAccessorImpl.invoke(DelegatingMethodAccessorImpl.java:43)
	at java.lang.reflect.Method.invoke(Method.java:498)
	at org.codehaus.groovy.reflection.CachedMethod.invoke(CachedMethod.java:93)
	at groovy.lang.MetaMethod.doMethodInvoke(MetaMethod.java:325)
	at groovy.lang.MetaClassImpl.invokeStaticMethod(MetaClassImpl.java:1469)
	at org.codehaus.groovy.runtime.callsite.StaticMetaClassSite.call(StaticMetaClassSite.java:53)
	at org.codehaus.groovy.runtime.callsite.CallSiteArray.defaultCall(CallSiteArray.java:48)
	at org.codehaus.groovy.runtime.callsite.AbstractCallSite.call(AbstractCallSite.java:113)
	at org.codehaus.groovy.runtime.callsite.AbstractCallSite.call(AbstractCallSite.java:133)
	at com.ge.tms.customer.CustomerVerification.verifyCustomerDetailsInRightPane(CustomerVerification.groovy:245)
	at sun.reflect.NativeMethodAccessorImpl.invoke0(Native Method)
	at sun.reflect.NativeMethodAccessorImpl.invoke(NativeMethodAccessorImpl.java:62)
	at sun.reflect.DelegatingMethodAccessorImpl.invoke(DelegatingMethodAccessorImpl.java:43)
	at java.lang.reflect.Method.invoke(Method.java:498)
	at org.codehaus.groovy.reflection.CachedMethod.invoke(CachedMethod.java:93)
	at groovy.lang.MetaMethod.doMethodInvoke(MetaMethod.java:325)
	at groovy.lang.MetaClassImpl.invokeMethod(MetaClassImpl.java:1215)
	at groovy.lang.MetaClassImpl.invokeMethod(MetaClassImpl.java:1024)
	at groovy.lang.MetaClassImpl.invokeMethod(MetaClassImpl.java:812)
	at groovy.lang.DelegatingMetaClass.invokeMethod(DelegatingMetaClass.java:144)
	at com.ge.tms.customer.CustomerVerification.invokeMethod(CustomerVerification.groovy)
	at com.kms.katalon.core.main.CustomKeywordDelegatingMetaClass.invokeStaticMethod(CustomKeywordDelegatingMetaClass.java:46)
	at org.codehaus.groovy.runtime.callsite.StaticMetaClassSite.call(StaticMetaClassSite.java:53)
	at org.codehaus.groovy.runtime.callsite.CallSiteArray.defaultCall(CallSiteArray.java:48)
	at org.codehaus.groovy.runtime.callsite.AbstractCallSite.call(AbstractCallSite.java:113)
	at org.codehaus.groovy.runtime.callsite.AbstractCallSite.call(AbstractCallSite.java:125)
	at Script1533639748945.run(Script1533639748945.groovy:90)
	at com.kms.katalon.core.main.ScriptEngine.run(ScriptEngine.java:183)
	at com.kms.katalon.core.main.ScriptEngine.runScriptAsRawText(ScriptEngine.java:108)
	at com.kms.katalon.core.main.TestCaseExecutor.runScript(TestCaseExecutor.java:294)
	at com.kms.katalon.core.main.TestCaseExecutor.doExecute(TestCaseExecutor.java:285)
	at com.kms.katalon.core.main.TestCaseExecutor.processExecutionPhase(TestCaseExecutor.java:264)
	at com.kms.katalon.core.main.TestCaseExecutor.accessMainPhase(TestCaseExecutor.java:256)
	at com.kms.katalon.core.main.TestCaseExecutor.execute(TestCaseExecutor.java:200)
	at com.kms.katalon.core.main.TestSuiteExecutor.accessTestCaseMainPhase(TestSuiteExecutor.java:129)
	at com.kms.katalon.core.main.TestSuiteExecutor.accessTestSuiteMainPhase(TestSuiteExecutor.java:112)
	at com.kms.katalon.core.main.TestSuiteExecutor.execute(TestSuiteExecutor.java:81)
	at com.kms.katalon.core.main.TestCaseMain.startTestSuite(TestCaseMain.java:142)
	at com.kms.katalon.core.main.TestCaseMain$startTestSuite$0.call(Unknown Source)
	at org.codehaus.groovy.runtime.callsite.CallSiteArray.defaultCall(CallSiteArray.java:48)
	at org.codehaus.groovy.runtime.callsite.AbstractCallSite.call(AbstractCallSite.java:113)
	at org.codehaus.groovy.runtime.callsite.AbstractCallSite.call(AbstractCallSite.java:141)
	at TempTestSuite1542012406417.run(TempTestSuite1542012406417.groovy:36)
	at groovy.lang.GroovyShell.runScriptOrMainOrTestOrRunnable(GroovyShell.java:263)
	at groovy.lang.GroovyShell.run(GroovyShell.java:518)
	at groovy.lang.GroovyShell.run(GroovyShell.java:507)
	at groovy.ui.GroovyMain.processOnce(GroovyMain.java:653)
	at groovy.ui.GroovyMain.run(GroovyMain.java:384)
	at groovy.ui.GroovyMain.process(GroovyMain.java:370)
	at groovy.ui.GroovyMain.processArgs(GroovyMain.java:129)
	at groovy.ui.GroovyMain.main(GroovyMain.java:109)
	at sun.reflect.NativeMethodAccessorImpl.invoke0(Native Method)
	at sun.reflect.NativeMethodAccessorImpl.invoke(NativeMethodAccessorImpl.java:62)
	at sun.reflect.DelegatingMethodAccessorImpl.invoke(DelegatingMethodAccessorImpl.java:43)
	at java.lang.reflect.Method.invoke(Method.java:498)
	at org.codehaus.groovy.tools.GroovyStarter.rootLoader(GroovyStarter.java:109)
	at org.codehaus.groovy.tools.GroovyStarter.main(GroovyStarter.java:131)
)]]></system-out>
      <system-err><![CDATA[2018-11-12 14:48:36 - [TEST_SUITE][FAILED] - Manage Customer Test Suite: Test Cases/Customer/F11762-View Customer/QA-US83146/US84104-View Customer/TC59502-Verify Customer Page FAILED because (of) (Stack trace: com.kms.katalon.core.exception.StepFailedException: Unable to verify equal between actual object 'Z5HSLIL - null' and expected object 'Z5HSLIL' (Root cause: Actual object 'Z5HSLIL - null' and expected object 'Z5HSLIL' are not equal)
	at com.kms.katalon.core.keyword.internal.KeywordMain.stepFailed(KeywordMain.groovy:36)
	at com.kms.katalon.core.keyword.internal.KeywordMain.stepFailed(KeywordMain.groovy)
	at com.kms.katalon.core.keyword.internal.KeywordMain.runKeyword(KeywordMain.groovy:56)
	at com.kms.katalon.core.keyword.builtin.VerifyEqualKeyword.verifyEqual(VerifyEqualKeyword.groovy:64)
	at com.kms.katalon.core.keyword.builtin.VerifyEqualKeyword.execute(VerifyEqualKeyword.groovy:45)
	at com.kms.katalon.core.keyword.internal.KeywordExecutor.executeKeywordForPlatform(KeywordExecutor.groovy:53)
	at com.kms.katalon.core.keyword.BuiltinKeywords.verifyEqual(BuiltinKeywords.groovy:141)
	at sun.reflect.GeneratedMethodAccessor3.invoke(Unknown Source)
	at sun.reflect.DelegatingMethodAccessorImpl.invoke(DelegatingMethodAccessorImpl.java:43)
	at java.lang.reflect.Method.invoke(Method.java:498)
	at org.codehaus.groovy.reflection.CachedMethod.invoke(CachedMethod.java:93)
	at groovy.lang.MetaMethod.doMethodInvoke(MetaMethod.java:325)
	at groovy.lang.MetaClassImpl.invokeStaticMethod(MetaClassImpl.java:1469)
	at org.codehaus.groovy.runtime.callsite.StaticMetaClassSite.call(StaticMetaClassSite.java:53)
	at org.codehaus.groovy.runtime.callsite.CallSiteArray.defaultCall(CallSiteArray.java:48)
	at org.codehaus.groovy.runtime.callsite.AbstractCallSite.call(AbstractCallSite.java:113)
	at org.codehaus.groovy.runtime.callsite.AbstractCallSite.call(AbstractCallSite.java:133)
	at com.ge.tms.customer.CustomerVerification.verifyCustomerDetailsInRightPane(CustomerVerification.groovy:245)
	at sun.reflect.NativeMethodAccessorImpl.invoke0(Native Method)
	at sun.reflect.NativeMethodAccessorImpl.invoke(NativeMethodAccessorImpl.java:62)
	at sun.reflect.DelegatingMethodAccessorImpl.invoke(DelegatingMethodAccessorImpl.java:43)
	at java.lang.reflect.Method.invoke(Method.java:498)
	at org.codehaus.groovy.reflection.CachedMethod.invoke(CachedMethod.java:93)
	at groovy.lang.MetaMethod.doMethodInvoke(MetaMethod.java:325)
	at groovy.lang.MetaClassImpl.invokeMethod(MetaClassImpl.java:1215)
	at groovy.lang.MetaClassImpl.invokeMethod(MetaClassImpl.java:1024)
	at groovy.lang.MetaClassImpl.invokeMethod(MetaClassImpl.java:812)
	at groovy.lang.DelegatingMetaClass.invokeMethod(DelegatingMetaClass.java:144)
	at com.ge.tms.customer.CustomerVerification.invokeMethod(CustomerVerification.groovy)
	at com.kms.katalon.core.main.CustomKeywordDelegatingMetaClass.invokeStaticMethod(CustomKeywordDelegatingMetaClass.java:46)
	at org.codehaus.groovy.runtime.callsite.StaticMetaClassSite.call(StaticMetaClassSite.java:53)
	at org.codehaus.groovy.runtime.callsite.CallSiteArray.defaultCall(CallSiteArray.java:48)
	at org.codehaus.groovy.runtime.callsite.AbstractCallSite.call(AbstractCallSite.java:113)
	at org.codehaus.groovy.runtime.callsite.AbstractCallSite.call(AbstractCallSite.java:125)
	at Script1533639748945.run(Script1533639748945.groovy:90)
	at com.kms.katalon.core.main.ScriptEngine.run(ScriptEngine.java:183)
	at com.kms.katalon.core.main.ScriptEngine.runScriptAsRawText(ScriptEngine.java:108)
	at com.kms.katalon.core.main.TestCaseExecutor.runScript(TestCaseExecutor.java:294)
	at com.kms.katalon.core.main.TestCaseExecutor.doExecute(TestCaseExecutor.java:285)
	at com.kms.katalon.core.main.TestCaseExecutor.processExecutionPhase(TestCaseExecutor.java:264)
	at com.kms.katalon.core.main.TestCaseExecutor.accessMainPhase(TestCaseExecutor.java:256)
	at com.kms.katalon.core.main.TestCaseExecutor.execute(TestCaseExecutor.java:200)
	at com.kms.katalon.core.main.TestSuiteExecutor.accessTestCaseMainPhase(TestSuiteExecutor.java:129)
	at com.kms.katalon.core.main.TestSuiteExecutor.accessTestSuiteMainPhase(TestSuiteExecutor.java:112)
	at com.kms.katalon.core.main.TestSuiteExecutor.execute(TestSuiteExecutor.java:81)
	at com.kms.katalon.core.main.TestCaseMain.startTestSuite(TestCaseMain.java:142)
	at com.kms.katalon.core.main.TestCaseMain$startTestSuite$0.call(Unknown Source)
	at org.codehaus.groovy.runtime.callsite.CallSiteArray.defaultCall(CallSiteArray.java:48)
	at org.codehaus.groovy.runtime.callsite.AbstractCallSite.call(AbstractCallSite.java:113)
	at org.codehaus.groovy.runtime.callsite.AbstractCallSite.call(AbstractCallSite.java:141)
	at TempTestSuite1542012406417.run(TempTestSuite1542012406417.groovy:36)
	at groovy.lang.GroovyShell.runScriptOrMainOrTestOrRunnable(GroovyShell.java:263)
	at groovy.lang.GroovyShell.run(GroovyShell.java:518)
	at groovy.lang.GroovyShell.run(GroovyShell.java:507)
	at groovy.ui.GroovyMain.processOnce(GroovyMain.java:653)
	at groovy.ui.GroovyMain.run(GroovyMain.java:384)
	at groovy.ui.GroovyMain.process(GroovyMain.java:370)
	at groovy.ui.GroovyMain.processArgs(GroovyMain.java:129)
	at groovy.ui.GroovyMain.main(GroovyMain.java:109)
	at sun.reflect.NativeMethodAccessorImpl.invoke0(Native Method)
	at sun.reflect.NativeMethodAccessorImpl.invoke(NativeMethodAccessorImpl.java:62)
	at sun.reflect.DelegatingMethodAccessorImpl.invoke(DelegatingMethodAccessorImpl.java:43)
	at java.lang.reflect.Method.invoke(Method.java:498)
	at org.codehaus.groovy.tools.GroovyStarter.rootLoader(GroovyStarter.java:109)
	at org.codehaus.groovy.tools.GroovyStarter.main(GroovyStarter.java:131)
)]]></system-err>
   </testsuite>
</testsuites>
